#
# There is insufficient memory for the Java Runtime Environment to continue.
# Native memory allocation (mmap) failed to map 485490688 bytes for committing reserved memory.
# Possible reasons:
#   The system is out of physical RAM or swap space
#   In 32 bit mode, the process size limit was hit
# Possible solutions:
#   Reduce memory load on the system
#   Increase physical memory or swap space
#   Check if swap backing store is full
#   Use 64 bit Java on a 64 bit OS
#   Decrease Java heap size (-Xmx/-Xms)
#   Decrease number of Java threads
#   Decrease Java thread stack sizes (-Xss)
#   Set larger code cache with -XX:ReservedCodeCacheSize=
# This output file may be truncated or incomplete.
#
#  Out of Memory Error (os_linux.cpp:2630), pid=6894, tid=47439734142720
#
# JRE version: OpenJDK Runtime Environment (8.0_91-b14) (build 1.8.0_91-8u91-b14-0ubuntu4~16.04.1-b14)
# Java VM: OpenJDK 64-Bit Server VM (25.91-b14 mixed mode linux-amd64 compressed oops)
# Core dump written. Default location: /media/sharedDisk/vdfontoura/GIHH-Results/core or core.6894
#

---------------  T H R E A D  ---------------

Current thread (0x00002b255020a800):  VMThread [stack: 0x00002b256c707000,0x00002b256c808000] [id=6906]

Stack: [0x00002b256c707000,0x00002b256c808000],  sp=0x00002b256c8064c0,  free space=1021k
Native frames: (J=compiled Java code, j=interpreted, Vv=VM code, C=native code)
V  [libjvm.so+0xa5d53b]
V  [libjvm.so+0x4c172c]
V  [libjvm.so+0x8ae1e0]
V  [libjvm.so+0x8a865e]
V  [libjvm.so+0x922756]
V  [libjvm.so+0x923a83]
V  [libjvm.so+0x920133]
V  [libjvm.so+0x9203fc]
V  [libjvm.so+0x8d2a73]
V  [libjvm.so+0xa5f1f2]
V  [libjvm.so+0xa64277]
V  [libjvm.so+0xa61a47]
V  [libjvm.so+0xa62ecf]
V  [libjvm.so+0xa633c1]
V  [libjvm.so+0x8ab6c2]

VM_Operation (0x00002b254b34cdb0): ParallelGCFailedAllocation, mode: safepoint, requested by thread 0x00002b2550009800


---------------  P R O C E S S  ---------------

Java Threads: ( => current thread )
  0x00002b2550257800 JavaThread "Service Thread" daemon [_thread_blocked, id=6914, stack(0x00002b256d1e9000,0x00002b256d2ea000)]
  0x00002b255024a800 JavaThread "C1 CompilerThread3" daemon [_thread_blocked, id=6913, stack(0x00002b256d0e8000,0x00002b256d1e9000)]
  0x00002b2550246000 JavaThread "C2 CompilerThread2" daemon [_thread_blocked, id=6912, stack(0x00002b256cfe7000,0x00002b256d0e8000)]
  0x00002b2550244000 JavaThread "C2 CompilerThread1" daemon [_thread_blocked, id=6911, stack(0x00002b256cee6000,0x00002b256cfe7000)]
  0x00002b2550241000 JavaThread "C2 CompilerThread0" daemon [_thread_blocked, id=6910, stack(0x00002b256cde5000,0x00002b256cee6000)]
  0x00002b255023f000 JavaThread "Signal Dispatcher" daemon [_thread_blocked, id=6909, stack(0x00002b256cce4000,0x00002b256cde5000)]
  0x00002b2550216800 JavaThread "Finalizer" daemon [_thread_blocked, id=6908, stack(0x00002b256c909000,0x00002b256ca0a000)]
  0x00002b2550212000 JavaThread "Reference Handler" daemon [_thread_blocked, id=6907, stack(0x00002b256c808000,0x00002b256c909000)]
  0x00002b2550009800 JavaThread "main" [_thread_blocked, id=6895, stack(0x00002b254b24e000,0x00002b254b34f000)]

Other Threads:
=>0x00002b255020a800 VMThread [stack: 0x00002b256c707000,0x00002b256c808000] [id=6906]
  0x00002b255025a000 WatcherThread [stack: 0x00002b256d2ea000,0x00002b256d3eb000] [id=6915]

VM state:at safepoint (normal execution)

VM Mutex/Monitor currently owned by a thread:  ([mutex/lock_event])
[0x00002b2550006030] Threads_lock - owner thread: 0x00002b255020a800
[0x00002b2550006530] Heap_lock - owner thread: 0x00002b2550009800

Heap:
 PSYoungGen      total 2944512K, used 64K [0x00000006ef500000, 0x00000007a3100000, 0x00000007c0000000)
  eden space 2944000K, 0% used [0x00000006ef500000,0x00000006ef500000,0x00000007a3000000)
  from space 512K, 12% used [0x00000007a3000000,0x00000007a3010000,0x00000007a3080000)
  to   space 512K, 0% used [0x00000007a3080000,0x00000007a3080000,0x00000007a3100000)
 ParOldGen       total 429056K, used 8463K [0x000000054de00000, 0x0000000568100000, 0x00000006ef500000)
  object space 429056K, 1% used [0x000000054de00000,0x000000054e643dd0,0x0000000568100000)
 Metaspace       used 5605K, capacity 5708K, committed 5760K, reserved 1056768K
  class space    used 567K, capacity 600K, committed 640K, reserved 1048576K

Card table byte_map: [0x00002b254ec62000,0x00002b254fff4000] byte_map_base: 0x00002b254c1f3000

Marking Bits: (ParMarkBitMap*) 0x00002b254cf53fc0
 Begin Bits: [0x00002b2594000000, 0x00002b259dc88000)
 End Bits:   [0x00002b259dc88000, 0x00002b25a7910000)

Polling page: 0x00002b254b22d000

CodeCache: size=245760Kb used=4594Kb max_used=4868Kb free=241165Kb
 bounds [0x00002b2554000000, 0x00002b2554500000, 0x00002b2563000000]
 total_blobs=1057 nmethods=751 adapters=221
 compilation: enabled

Compilation events (10 events):
Event: 383,779 Thread 0x00002b255024a800  919       3       sun.misc.FloatingDecimal$BinaryToASCIIBuffer::dtoa (1509 bytes)
Event: 383,784 Thread 0x00002b255024a800 nmethod 919 0x00002b25544d1c10 code [0x00002b25544d2040, 0x00002b25544d4758]
Event: 388,618 Thread 0x00002b2550244000  920       4       sun.misc.FloatingDecimal$BinaryToASCIIBuffer::dtoa (1509 bytes)
Event: 388,977 Thread 0x00002b2550244000 nmethod 920 0x00002b255428e850 code [0x00002b255428ed20, 0x00002b2554293f70]
Event: 426,124 Thread 0x00002b255024a800  921       3       be.kuleuven.kahosl.acceptance.AdaptiveIterationLimitedListBasedTA::accept (973 bytes)
Event: 426,133 Thread 0x00002b255024a800 nmethod 921 0x00002b255425ff90 code [0x00002b2554260ac0, 0x00002b2554269728]
Event: 426,524 Thread 0x00002b2550246000  922       4       be.kuleuven.kahosl.acceptance.AdaptiveIterationLimitedListBasedTA::accept (973 bytes)
Event: 427,257 Thread 0x00002b2550246000 nmethod 922 0x00002b25544e14d0 code [0x00002b25544e1e20, 0x00002b25544ea260]
Event: 469,312 Thread 0x00002b2550241000  923       4       sun.misc.FDBigInteger::valueOfMulPow52 (449 bytes)
Event: 469,319 Thread 0x00002b2550241000 nmethod 923 0x00002b2554211090 code [0x00002b2554211200, 0x00002b2554211698]

GC Heap History (10 events):
Event: 476,421 GC heap after
Heap after GC invocations=910 (full 0):
 PSYoungGen      total 1787392K, used 32K [0x00000006ef500000, 0x0000000785180000, 0x00000007c0000000)
  eden space 1786880K, 0% used [0x00000006ef500000,0x00000006ef500000,0x000000075c600000)
  from space 512K, 6% used [0x0000000785100000,0x0000000785108000,0x0000000785180000)
  to   space 512K, 0% used [0x0000000785080000,0x0000000785080000,0x0000000785100000)
 ParOldGen       total 429056K, used 8423K [0x000000054de00000, 0x0000000568100000, 0x00000006ef500000)
  object space 429056K, 1% used [0x000000054de00000,0x000000054e639dd0,0x0000000568100000)
 Metaspace       used 5605K, capacity 5708K, committed 5760K, reserved 1056768K
  class space    used 567K, capacity 600K, committed 640K, reserved 1048576K
}
Event: 477,858 GC heap before
{Heap before GC invocations=911 (full 0):
 PSYoungGen      total 1787392K, used 1786912K [0x00000006ef500000, 0x0000000785180000, 0x00000007c0000000)
  eden space 1786880K, 100% used [0x00000006ef500000,0x000000075c600000,0x000000075c600000)
  from space 512K, 6% used [0x0000000785100000,0x0000000785108000,0x0000000785180000)
  to   space 512K, 0% used [0x0000000785080000,0x0000000785080000,0x0000000785100000)
 ParOldGen       total 429056K, used 8423K [0x000000054de00000, 0x0000000568100000, 0x00000006ef500000)
  object space 429056K, 1% used [0x000000054de00000,0x000000054e639dd0,0x0000000568100000)
 Metaspace       used 5605K, capacity 5708K, committed 5760K, reserved 1056768K
  class space    used 567K, capacity 600K, committed 640K, reserved 1048576K
Event: 477,897 GC heap after
Heap after GC invocations=911 (full 0):
 PSYoungGen      total 2144768K, used 32K [0x00000006ef500000, 0x0000000785180000, 0x00000007c0000000)
  eden space 2144256K, 0% used [0x00000006ef500000,0x00000006ef500000,0x0000000772300000)
  from space 512K, 6% used [0x0000000785080000,0x0000000785088000,0x0000000785100000)
  to   space 512K, 0% used [0x0000000785100000,0x0000000785100000,0x0000000785180000)
 ParOldGen       total 429056K, used 8431K [0x000000054de00000, 0x0000000568100000, 0x00000006ef500000)
  object space 429056K, 1% used [0x000000054de00000,0x000000054e63bdd0,0x0000000568100000)
 Metaspace       used 5605K, capacity 5708K, committed 5760K, reserved 1056768K
  class space    used 567K, capacity 600K, committed 640K, reserved 1048576K
}
Event: 479,619 GC heap before
{Heap before GC invocations=912 (full 0):
 PSYoungGen      total 2144768K, used 2144288K [0x00000006ef500000, 0x0000000785180000, 0x00000007c0000000)
  eden space 2144256K, 100% used [0x00000006ef500000,0x0000000772300000,0x0000000772300000)
  from space 512K, 6% used [0x0000000785080000,0x0000000785088000,0x0000000785100000)
  to   space 512K, 0% used [0x0000000785100000,0x0000000785100000,0x0000000785180000)
 ParOldGen       total 429056K, used 8431K [0x000000054de00000, 0x0000000568100000, 0x00000006ef500000)
  object space 429056K, 1% used [0x000000054de00000,0x000000054e63bdd0,0x0000000568100000)
 Metaspace       used 5605K, capacity 5708K, committed 5760K, reserved 1056768K
  class space    used 567K, capacity 600K, committed 640K, reserved 1048576K
Event: 479,655 GC heap after
Heap after GC invocations=912 (full 0):
 PSYoungGen      total 2453504K, used 32K [0x00000006ef500000, 0x000000078c700000, 0x00000007c0000000)
  eden space 2452992K, 0% used [0x00000006ef500000,0x00000006ef500000,0x0000000785080000)
  from space 512K, 6% used [0x0000000785100000,0x0000000785108000,0x0000000785180000)
  to   space 512K, 0% used [0x0000000785080000,0x0000000785080000,0x0000000785100000)
 ParOldGen       total 429056K, used 8439K [0x000000054de00000, 0x0000000568100000, 0x00000006ef500000)
  object space 429056K, 1% used [0x000000054de00000,0x000000054e63ddd0,0x0000000568100000)
 Metaspace       used 5605K, capacity 5708K, committed 5760K, reserved 1056768K
  class space    used 567K, capacity 600K, committed 640K, reserved 1048576K
}
Event: 481,711 GC heap before
{Heap before GC invocations=913 (full 0):
 PSYoungGen      total 2453504K, used 2453024K [0x00000006ef500000, 0x000000078c700000, 0x00000007c0000000)
  eden space 2452992K, 100% used [0x00000006ef500000,0x0000000785080000,0x0000000785080000)
  from space 512K, 6% used [0x0000000785100000,0x0000000785108000,0x0000000785180000)
  to   space 512K, 0% used [0x0000000785080000,0x0000000785080000,0x0000000785100000)
 ParOldGen       total 429056K, used 8439K [0x000000054de00000, 0x0000000568100000, 0x00000006ef500000)
  object space 429056K, 1% used [0x000000054de00000,0x000000054e63ddd0,0x0000000568100000)
 Metaspace       used 5605K, capacity 5708K, committed 5760K, reserved 1056768K
  class space    used 567K, capacity 600K, committed 640K, reserved 1048576K
Event: 481,713 GC heap after
Heap after GC invocations=913 (full 0):
 PSYoungGen      total 2453504K, used 32K [0x00000006ef500000, 0x00000007a3100000, 0x00000007c0000000)
  eden space 2452992K, 0% used [0x00000006ef500000,0x00000006ef500000,0x0000000785080000)
  from space 512K, 6% used [0x0000000785080000,0x0000000785088000,0x0000000785100000)
  to   space 512K, 0% used [0x00000007a3080000,0x00000007a3080000,0x00000007a3100000)
 ParOldGen       total 429056K, used 8447K [0x000000054de00000, 0x0000000568100000, 0x00000006ef500000)
  object space 429056K, 1% used [0x000000054de00000,0x000000054e63fdd0,0x0000000568100000)
 Metaspace       used 5605K, capacity 5708K, committed 5760K, reserved 1056768K
  class space    used 567K, capacity 600K, committed 640K, reserved 1048576K
}
Event: 483,781 GC heap before
{Heap before GC invocations=914 (full 0):
 PSYoungGen      total 2453504K, used 2453024K [0x00000006ef500000, 0x00000007a3100000, 0x00000007c0000000)
  eden space 2452992K, 100% used [0x00000006ef500000,0x0000000785080000,0x0000000785080000)
  from space 512K, 6% used [0x0000000785080000,0x0000000785088000,0x0000000785100000)
  to   space 512K, 0% used [0x00000007a3080000,0x00000007a3080000,0x00000007a3100000)
 ParOldGen       total 429056K, used 8447K [0x000000054de00000, 0x0000000568100000, 0x00000006ef500000)
  object space 429056K, 1% used [0x000000054de00000,0x000000054e63fdd0,0x0000000568100000)
 Metaspace       used 5605K, capacity 5708K, committed 5760K, reserved 1056768K
  class space    used 567K, capacity 600K, committed 640K, reserved 1048576K
Event: 483,782 GC heap after
Heap after GC invocations=914 (full 0):
 PSYoungGen      total 2944512K, used 32K [0x00000006ef500000, 0x00000007a3100000, 0x00000007c0000000)
  eden space 2944000K, 0% used [0x00000006ef500000,0x00000006ef500000,0x00000007a3000000)
  from space 512K, 6% used [0x00000007a3080000,0x00000007a3088000,0x00000007a3100000)
  to   space 512K, 0% used [0x00000007a3000000,0x00000007a3000000,0x00000007a3080000)
 ParOldGen       total 429056K, used 8455K [0x000000054de00000, 0x0000000568100000, 0x00000006ef500000)
  object space 429056K, 1% used [0x000000054de00000,0x000000054e641dd0,0x0000000568100000)
 Metaspace       used 5605K, capacity 5708K, committed 5760K, reserved 1056768K
  class space    used 567K, capacity 600K, committed 640K, reserved 1048576K
}
Event: 486,108 GC heap before
{Heap before GC invocations=915 (full 0):
 PSYoungGen      total 2944512K, used 2944032K [0x00000006ef500000, 0x00000007a3100000, 0x00000007c0000000)
  eden space 2944000K, 100% used [0x00000006ef500000,0x00000007a3000000,0x00000007a3000000)
  from space 512K, 6% used [0x00000007a3080000,0x00000007a3088000,0x00000007a3100000)
  to   space 512K, 0% used [0x00000007a3000000,0x00000007a3000000,0x00000007a3080000)
 ParOldGen       total 429056K, used 8455K [0x000000054de00000, 0x0000000568100000, 0x00000006ef500000)
  object space 429056K, 1% used [0x000000054de00000,0x000000054e641dd0,0x0000000568100000)
 Metaspace       used 5605K, capacity 5708K, committed 5760K, reserved 1056768K
  class space    used 567K, capacity 600K, committed 640K, reserved 1048576K

Deoptimization events (10 events):
Event: 13,014 Thread 0x00002b2550009800 Uncommon trap: reason=unstable_if action=reinterpret pc=0x00002b25542c1118 method=sun.nio.cs.UTF_8$Encoder.encodeArrayLoop(Ljava/nio/CharBuffer;Ljava/nio/ByteBuffer;)Ljava/nio/charset/CoderResult; @ 113
Event: 13,014 Thread 0x00002b2550009800 Uncommon trap: reason=unstable_if action=reinterpret pc=0x00002b255438fb98 method=java.nio.charset.CoderResult.isOverflow()Z @ 5
Event: 15,740 Thread 0x00002b2550009800 Uncommon trap: reason=intrinsic action=make_not_entrant pc=0x00002b2554415060 method=be.kuleuven.kahosl.hyperheuristic.GIHH.solve(LAbstractClasses/ProblemDomain;)V @ 902
Event: 18,511 Thread 0x00002b2550009800 Uncommon trap: reason=unstable_if action=reinterpret pc=0x00002b25542b9030 method=java.util.HashMap.putVal(ILjava/lang/Object;Ljava/lang/Object;ZZ)Ljava/lang/Object; @ 109
Event: 18,511 Thread 0x00002b2550009800 Uncommon trap: reason=unstable_if action=reinterpret pc=0x00002b255423f96c method=java.util.HashMap.resize()[Ljava/util/HashMap$Node; @ 206
Event: 20,679 Thread 0x00002b2550009800 Uncommon trap: reason=unstable_if action=reinterpret pc=0x00002b25544390fc method=be.kuleuven.kahosl.hyperheuristic.GIHH.solve(LAbstractClasses/ProblemDomain;)V @ 498
Event: 75,788 Thread 0x00002b2550009800 Uncommon trap: reason=unstable_if action=reinterpret pc=0x00002b25542fe4a0 method=AbstractClasses.HyperHeuristic.hasTimeExpired()Z @ 57
Event: 108,452 Thread 0x00002b2550009800 Uncommon trap: reason=unstable_if action=reinterpret pc=0x00002b255444d87c method=sun.misc.FloatingDecimal$BinaryToASCIIBuffer.dtoa(IJIZ)V @ 1056
Event: 383,779 Thread 0x00002b2550009800 Uncommon trap: reason=unstable_if action=reinterpret pc=0x00002b25544db318 method=sun.misc.FloatingDecimal$BinaryToASCIIBuffer.dtoa(IJIZ)V @ 1213
Event: 426,118 Thread 0x00002b2550009800 Uncommon trap: reason=unstable_if action=reinterpret pc=0x00002b255433b010 method=be.kuleuven.kahosl.acceptance.AdaptiveIterationLimitedListBasedTA.updateListLength()V @ 57

Internal exceptions (8 events):
Event: 0,066 Thread 0x00002b2550009800 Exception <a 'java/lang/NoSuchMethodError': Method sun.misc.Unsafe.defineClass(Ljava/lang/String;[BII)Ljava/lang/Class; name or signature does not match> (0x00000006ef507cc0) thrown at [/build/openjdk-8-6lTAoN/openjdk-8-8u91-b14/src/hotspot/src/share/vm/p
Event: 0,066 Thread 0x00002b2550009800 Exception <a 'java/lang/NoSuchMethodError': Method sun.misc.Unsafe.prefetchRead(Ljava/lang/Object;J)V name or signature does not match> (0x00000006ef507fa8) thrown at [/build/openjdk-8-6lTAoN/openjdk-8-8u91-b14/src/hotspot/src/share/vm/prims/jni.cpp, line
Event: 0,201 Thread 0x00002b2550009800 Exception <a 'java/security/PrivilegedActionException'> (0x00000006ef57e878) thrown at [/build/openjdk-8-6lTAoN/openjdk-8-8u91-b14/src/hotspot/src/share/vm/prims/jvm.cpp, line 1386]
Event: 0,201 Thread 0x00002b2550009800 Exception <a 'java/security/PrivilegedActionException'> (0x00000006ef57ea88) thrown at [/build/openjdk-8-6lTAoN/openjdk-8-8u91-b14/src/hotspot/src/share/vm/prims/jvm.cpp, line 1386]
Event: 0,201 Thread 0x00002b2550009800 Exception <a 'java/security/PrivilegedActionException'> (0x00000006ef580c70) thrown at [/build/openjdk-8-6lTAoN/openjdk-8-8u91-b14/src/hotspot/src/share/vm/prims/jvm.cpp, line 1386]
Event: 0,201 Thread 0x00002b2550009800 Exception <a 'java/security/PrivilegedActionException'> (0x00000006ef580e80) thrown at [/build/openjdk-8-6lTAoN/openjdk-8-8u91-b14/src/hotspot/src/share/vm/prims/jvm.cpp, line 1386]
Event: 0,201 Thread 0x00002b2550009800 Exception <a 'java/security/PrivilegedActionException'> (0x00000006ef581950) thrown at [/build/openjdk-8-6lTAoN/openjdk-8-8u91-b14/src/hotspot/src/share/vm/prims/jvm.cpp, line 1386]
Event: 0,201 Thread 0x00002b2550009800 Exception <a 'java/security/PrivilegedActionException'> (0x00000006ef581b60) thrown at [/build/openjdk-8-6lTAoN/openjdk-8-8u91-b14/src/hotspot/src/share/vm/prims/jvm.cpp, line 1386]

Events (10 events):
Event: 476,421 Executing VM operation: ParallelGCFailedAllocation done
Event: 477,858 Executing VM operation: ParallelGCFailedAllocation
Event: 477,897 Executing VM operation: ParallelGCFailedAllocation done
Event: 479,619 Executing VM operation: ParallelGCFailedAllocation
Event: 479,655 Executing VM operation: ParallelGCFailedAllocation done
Event: 481,711 Executing VM operation: ParallelGCFailedAllocation
Event: 481,714 Executing VM operation: ParallelGCFailedAllocation done
Event: 483,780 Executing VM operation: ParallelGCFailedAllocation
Event: 483,782 Executing VM operation: ParallelGCFailedAllocation done
Event: 486,108 Executing VM operation: ParallelGCFailedAllocation


Dynamic libraries:
00400000-00401000 r-xp 00000000 08:01 1841162                            /usr/lib/jvm/java-8-openjdk-amd64/jre/bin/java
00600000-00601000 r--p 00000000 08:01 1841162                            /usr/lib/jvm/java-8-openjdk-amd64/jre/bin/java
00601000-00602000 rw-p 00001000 08:01 1841162                            /usr/lib/jvm/java-8-openjdk-amd64/jre/bin/java
00e0d000-00e2e000 rw-p 00000000 00:00 0                                  [heap]
54de00000-568100000 rw-p 00000000 00:00 0 
568100000-6ef500000 ---p 00000000 00:00 0 
6ef500000-7a3100000 rw-p 00000000 00:00 0 
7c0000000-7c00a0000 rw-p 00000000 00:00 0 
7c00a0000-800000000 ---p 00000000 00:00 0 
2b254b205000-2b254b22b000 r-xp 00000000 08:01 10748285                   /lib/x86_64-linux-gnu/ld-2.23.so
2b254b22b000-2b254b22d000 rw-p 00000000 00:00 0 
2b254b22d000-2b254b22e000 ---p 00000000 00:00 0 
2b254b22e000-2b254b22f000 rw-p 00000000 00:00 0 
2b254b22f000-2b254b237000 rw-s 00000000 08:01 10879014                   /tmp/hsperfdata_vdfontoura/6894
2b254b237000-2b254b23a000 r--s 0000f000 08:01 1839251                    /usr/lib/jvm/java-8-openjdk-amd64/jre/lib/ext/icedtea-sound.jar
2b254b23a000-2b254b23c000 r--s 00001000 08:01 1839258                    /usr/lib/jvm/java-8-openjdk-amd64/jre/lib/ext/dnsns.jar
2b254b23c000-2b254b23d000 r--s 00008000 08:01 1839256                    /usr/lib/jvm/java-8-openjdk-amd64/jre/lib/ext/sunec.jar
2b254b23d000-2b254b247000 r--s 00116000 08:01 1839257                    /usr/lib/jvm/java-8-openjdk-amd64/jre/lib/ext/localedata.jar
2b254b247000-2b254b248000 r--s 00010000 08:01 1839252                    /usr/lib/jvm/java-8-openjdk-amd64/jre/lib/ext/zipfs.jar
2b254b248000-2b254b249000 r--s 0000a000 08:01 1839253                    /usr/lib/jvm/java-8-openjdk-amd64/jre/lib/ext/jaccess.jar
2b254b249000-2b254b24a000 r--s 00002000 08:01 10879057                   /tmp/jar_cache2621433730732242477.tmp (deleted)
2b254b24a000-2b254b24e000 rw-p 00000000 00:00 0 
2b254b24e000-2b254b251000 ---p 00000000 00:00 0 
2b254b251000-2b254b413000 rw-p 00000000 00:00 0 
2b254b413000-2b254b419000 r--s 0003a000 08:01 1839254                    /usr/lib/jvm/java-8-openjdk-amd64/jre/lib/ext/sunjce_provider.jar
2b254b419000-2b254b41d000 r--s 00037000 08:01 1839260                    /usr/lib/jvm/java-8-openjdk-amd64/jre/lib/ext/sunpkcs11.jar
2b254b41d000-2b254b41f000 r--s 013b5000 00:30 1123506                    /media/sharedDisk/vdfontoura/GIHH-Results/gihh.jar
2b254b41f000-2b254b423000 r--s 00097000 08:01 1839240                    /usr/lib/jvm/java-8-openjdk-amd64/jre/lib/jsse.jar
2b254b423000-2b254b425000 r--s 0000f000 08:01 10879046                   /tmp/jar_cache3581449874042007856.tmp (deleted)
2b254b425000-2b254b429000 r--s 0002b000 08:01 10879048                   /tmp/jar_cache5874644270205474175.tmp (deleted)
2b254b429000-2b254b42a000 r--s 0000c000 08:01 10879065                   /tmp/jar_cache6640257651409643909.tmp (deleted)
2b254b42a000-2b254b42b000 r--p 00025000 08:01 10748285                   /lib/x86_64-linux-gnu/ld-2.23.so
2b254b42b000-2b254b42c000 rw-p 00026000 08:01 10748285                   /lib/x86_64-linux-gnu/ld-2.23.so
2b254b42c000-2b254b42d000 rw-p 00000000 00:00 0 
2b254b42d000-2b254b43a000 r-xp 00000000 08:01 1838828                    /usr/lib/jvm/java-8-openjdk-amd64/jre/lib/amd64/jli/libjli.so
2b254b43a000-2b254b63a000 ---p 0000d000 08:01 1838828                    /usr/lib/jvm/java-8-openjdk-amd64/jre/lib/amd64/jli/libjli.so
2b254b63a000-2b254b63b000 r--p 0000d000 08:01 1838828                    /usr/lib/jvm/java-8-openjdk-amd64/jre/lib/amd64/jli/libjli.so
2b254b63b000-2b254b63c000 rw-p 0000e000 08:01 1838828                    /usr/lib/jvm/java-8-openjdk-amd64/jre/lib/amd64/jli/libjli.so
2b254b63c000-2b254b7fc000 r-xp 00000000 08:01 10748289                   /lib/x86_64-linux-gnu/libc-2.23.so
2b254b7fc000-2b254b9fb000 ---p 001c0000 08:01 10748289                   /lib/x86_64-linux-gnu/libc-2.23.so
2b254b9fb000-2b254b9ff000 r--p 001bf000 08:01 10748289                   /lib/x86_64-linux-gnu/libc-2.23.so
2b254b9ff000-2b254ba01000 rw-p 001c3000 08:01 10748289                   /lib/x86_64-linux-gnu/libc-2.23.so
2b254ba01000-2b254ba05000 rw-p 00000000 00:00 0 
2b254ba05000-2b254ba1e000 r-xp 00000000 08:01 10752527                   /lib/x86_64-linux-gnu/libz.so.1.2.8
2b254ba1e000-2b254bc1d000 ---p 00019000 08:01 10752527                   /lib/x86_64-linux-gnu/libz.so.1.2.8
2b254bc1d000-2b254bc1e000 r--p 00018000 08:01 10752527                   /lib/x86_64-linux-gnu/libz.so.1.2.8
2b254bc1e000-2b254bc1f000 rw-p 00019000 08:01 10752527                   /lib/x86_64-linux-gnu/libz.so.1.2.8
2b254bc1f000-2b254bc22000 r-xp 00000000 08:01 10748290                   /lib/x86_64-linux-gnu/libdl-2.23.so
2b254bc22000-2b254be21000 ---p 00003000 08:01 10748290                   /lib/x86_64-linux-gnu/libdl-2.23.so
2b254be21000-2b254be22000 r--p 00002000 08:01 10748290                   /lib/x86_64-linux-gnu/libdl-2.23.so
2b254be22000-2b254be23000 rw-p 00003000 08:01 10748290                   /lib/x86_64-linux-gnu/libdl-2.23.so
2b254be23000-2b254be3b000 r-xp 00000000 08:01 10748288                   /lib/x86_64-linux-gnu/libpthread-2.23.so
2b254be3b000-2b254c03a000 ---p 00018000 08:01 10748288                   /lib/x86_64-linux-gnu/libpthread-2.23.so
2b254c03a000-2b254c03b000 r--p 00017000 08:01 10748288                   /lib/x86_64-linux-gnu/libpthread-2.23.so
2b254c03b000-2b254c03c000 rw-p 00018000 08:01 10748288                   /lib/x86_64-linux-gnu/libpthread-2.23.so
2b254c03c000-2b254c040000 rw-p 00000000 00:00 0 
2b254c040000-2b254cc86000 r-xp 00000000 08:01 1839116                    /usr/lib/jvm/java-8-openjdk-amd64/jre/lib/amd64/server/libjvm.so
2b254cc86000-2b254ce85000 ---p 00c46000 08:01 1839116                    /usr/lib/jvm/java-8-openjdk-amd64/jre/lib/amd64/server/libjvm.so
2b254ce85000-2b254cf18000 r--p 00c45000 08:01 1839116                    /usr/lib/jvm/java-8-openjdk-amd64/jre/lib/amd64/server/libjvm.so
2b254cf18000-2b254cf40000 rw-p 00cd8000 08:01 1839116                    /usr/lib/jvm/java-8-openjdk-amd64/jre/lib/amd64/server/libjvm.so
2b254cf40000-2b254cf70000 rw-p 00000000 00:00 0 
2b254cf70000-2b254d0e2000 r-xp 00000000 08:01 1574839                    /usr/lib/x86_64-linux-gnu/libstdc++.so.6.0.21
2b254d0e2000-2b254d2e2000 ---p 00172000 08:01 1574839                    /usr/lib/x86_64-linux-gnu/libstdc++.so.6.0.21
2b254d2e2000-2b254d2ec000 r--p 00172000 08:01 1574839                    /usr/lib/x86_64-linux-gnu/libstdc++.so.6.0.21
2b254d2ec000-2b254d2ee000 rw-p 0017c000 08:01 1574839                    /usr/lib/x86_64-linux-gnu/libstdc++.so.6.0.21
2b254d2ee000-2b254d2f2000 rw-p 00000000 00:00 0 
2b254d2f2000-2b254d3fa000 r-xp 00000000 08:01 10748281                   /lib/x86_64-linux-gnu/libm-2.23.so
2b254d3fa000-2b254d5f9000 ---p 00108000 08:01 10748281                   /lib/x86_64-linux-gnu/libm-2.23.so
2b254d5f9000-2b254d5fa000 r--p 00107000 08:01 10748281                   /lib/x86_64-linux-gnu/libm-2.23.so
2b254d5fa000-2b254d5fb000 rw-p 00108000 08:01 10748281                   /lib/x86_64-linux-gnu/libm-2.23.so
2b254d5fb000-2b254d611000 r-xp 00000000 08:01 10747962                   /lib/x86_64-linux-gnu/libgcc_s.so.1
2b254d611000-2b254d810000 ---p 00016000 08:01 10747962                   /lib/x86_64-linux-gnu/libgcc_s.so.1
2b254d810000-2b254d811000 rw-p 00015000 08:01 10747962                   /lib/x86_64-linux-gnu/libgcc_s.so.1
2b254d811000-2b254d818000 r-xp 00000000 08:01 10748284                   /lib/x86_64-linux-gnu/librt-2.23.so
2b254d818000-2b254da17000 ---p 00007000 08:01 10748284                   /lib/x86_64-linux-gnu/librt-2.23.so
2b254da17000-2b254da18000 r--p 00006000 08:01 10748284                   /lib/x86_64-linux-gnu/librt-2.23.so
2b254da18000-2b254da19000 rw-p 00007000 08:01 10748284                   /lib/x86_64-linux-gnu/librt-2.23.so
2b254da19000-2b254da28000 r-xp 00000000 08:01 1838836                    /usr/lib/jvm/java-8-openjdk-amd64/jre/lib/amd64/libverify.so
2b254da28000-2b254dc27000 ---p 0000f000 08:01 1838836                    /usr/lib/jvm/java-8-openjdk-amd64/jre/lib/amd64/libverify.so
2b254dc27000-2b254dc29000 r--p 0000e000 08:01 1838836                    /usr/lib/jvm/java-8-openjdk-amd64/jre/lib/amd64/libverify.so
2b254dc29000-2b254dc2a000 rw-p 00010000 08:01 1838836                    /usr/lib/jvm/java-8-openjdk-amd64/jre/lib/amd64/libverify.so
2b254dc2a000-2b254dc57000 r-xp 00000000 08:01 1838848                    /usr/lib/jvm/java-8-openjdk-amd64/jre/lib/amd64/libjava.so
2b254dc57000-2b254de56000 ---p 0002d000 08:01 1838848                    /usr/lib/jvm/java-8-openjdk-amd64/jre/lib/amd64/libjava.so
2b254de56000-2b254de57000 r--p 0002c000 08:01 1838848                    /usr/lib/jvm/java-8-openjdk-amd64/jre/lib/amd64/libjava.so
2b254de57000-2b254de59000 rw-p 0002d000 08:01 1838848                    /usr/lib/jvm/java-8-openjdk-amd64/jre/lib/amd64/libjava.so
2b254de59000-2b254de61000 r-xp 00000000 08:01 10748268                   /lib/x86_64-linux-gnu/libnss_compat-2.23.so
2b254de61000-2b254e060000 ---p 00008000 08:01 10748268                   /lib/x86_64-linux-gnu/libnss_compat-2.23.so
2b254e060000-2b254e061000 r--p 00007000 08:01 10748268                   /lib/x86_64-linux-gnu/libnss_compat-2.23.so
2b254e061000-2b254e062000 rw-p 00008000 08:01 10748268                   /lib/x86_64-linux-gnu/libnss_compat-2.23.so
2b254e062000-2b254e078000 r-xp 00000000 08:01 10748270                   /lib/x86_64-linux-gnu/libnsl-2.23.so
2b254e078000-2b254e277000 ---p 00016000 08:01 10748270                   /lib/x86_64-linux-gnu/libnsl-2.23.so
2b254e277000-2b254e278000 r--p 00015000 08:01 10748270                   /lib/x86_64-linux-gnu/libnsl-2.23.so
2b254e278000-2b254e279000 rw-p 00016000 08:01 10748270                   /lib/x86_64-linux-gnu/libnsl-2.23.so
2b254e279000-2b254e27b000 rw-p 00000000 00:00 0 
2b254e27b000-2b254e286000 r-xp 00000000 08:01 10748272                   /lib/x86_64-linux-gnu/libnss_nis-2.23.so
2b254e286000-2b254e485000 ---p 0000b000 08:01 10748272                   /lib/x86_64-linux-gnu/libnss_nis-2.23.so
2b254e485000-2b254e486000 r--p 0000a000 08:01 10748272                   /lib/x86_64-linux-gnu/libnss_nis-2.23.so
2b254e486000-2b254e487000 rw-p 0000b000 08:01 10748272                   /lib/x86_64-linux-gnu/libnss_nis-2.23.so
2b254e487000-2b254e492000 r-xp 00000000 08:01 10748275                   /lib/x86_64-linux-gnu/libnss_files-2.23.so
2b254e492000-2b254e691000 ---p 0000b000 08:01 10748275                   /lib/x86_64-linux-gnu/libnss_files-2.23.so
2b254e691000-2b254e692000 r--p 0000a000 08:01 10748275                   /lib/x86_64-linux-gnu/libnss_files-2.23.so
2b254e692000-2b254e693000 rw-p 0000b000 08:01 10748275                   /lib/x86_64-linux-gnu/libnss_files-2.23.so
2b254e693000-2b254e699000 rw-p 00000000 00:00 0 
2b254e699000-2b254e6a1000 r-xp 00000000 08:01 1839161                    /usr/lib/jvm/java-8-openjdk-amd64/jre/lib/amd64/libzip.so
2b254e6a1000-2b254e8a0000 ---p 00008000 08:01 1839161                    /usr/lib/jvm/java-8-openjdk-amd64/jre/lib/amd64/libzip.so
2b254e8a0000-2b254e8a1000 r--p 00007000 08:01 1839161                    /usr/lib/jvm/java-8-openjdk-amd64/jre/lib/amd64/libzip.so
2b254e8a1000-2b254e8a2000 rw-p 00008000 08:01 1839161                    /usr/lib/jvm/java-8-openjdk-amd64/jre/lib/amd64/libzip.so
2b254e8a2000-2b254e8b6000 rw-p 00000000 00:00 0 
2b254e8b6000-2b254ec62000 ---p 00000000 00:00 0 
2b254ec62000-2b254ed34000 rw-p 00000000 00:00 0 
2b254ed34000-2b254f96d000 ---p 00000000 00:00 0 
2b254f96d000-2b254ff0c000 rw-p 00000000 00:00 0 
2b254ff0c000-2b254fff3000 ---p 00000000 00:00 0 
2b254fff3000-2b254fff4000 rw-p 00000000 00:00 0 
2b254fff4000-2b254fff9000 r--s 0002d000 08:01 10879050                   /tmp/jar_cache1391709835204268037.tmp (deleted)
2b254fff9000-2b254fffb000 r--s 00003000 08:01 10879056                   /tmp/jar_cache3423876828200979869.tmp (deleted)
2b2550000000-2b2550796000 rw-p 00000000 00:00 0 
2b2550796000-2b2554000000 ---p 00000000 00:00 0 
2b2554000000-2b2554500000 rwxp 00000000 00:00 0 
2b2554500000-2b2563000000 ---p 00000000 00:00 0 
2b2563000000-2b25630d2000 rw-p 00000000 00:00 0 
2b25630d2000-2b2563d0c000 ---p 00000000 00:00 0 
2b2563d0c000-2b2563d0d000 ---p 00000000 00:00 0 
2b2563d0d000-2b2563e0d000 rw-p 00000000 00:00 0 
2b2563e0d000-2b2563e0e000 ---p 00000000 00:00 0 
2b2563e0e000-2b2563f0e000 rw-p 00000000 00:00 0 
2b2563f0e000-2b2563f0f000 ---p 00000000 00:00 0 
2b2563f0f000-2b256400f000 rw-p 00000000 00:00 0 
2b256400f000-2b2564010000 ---p 00000000 00:00 0 
2b2564010000-2b2564110000 rw-p 00000000 00:00 0 
2b2564110000-2b2564111000 ---p 00000000 00:00 0 
2b2564111000-2b2564211000 rw-p 00000000 00:00 0 
2b2564211000-2b2564212000 ---p 00000000 00:00 0 
2b2564212000-2b2564312000 rw-p 00000000 00:00 0 
2b2564312000-2b2564313000 ---p 00000000 00:00 0 
2b2564313000-2b2564413000 rw-p 00000000 00:00 0 
2b2564413000-2b2564414000 ---p 00000000 00:00 0 
2b2564414000-2b2564514000 rw-p 00000000 00:00 0 
2b2564514000-2b2564515000 ---p 00000000 00:00 0 
2b2564515000-2b2564615000 rw-p 00000000 00:00 0 
2b2564615000-2b2564616000 ---p 00000000 00:00 0 
2b2564616000-2b2565fa7000 rw-p 00000000 00:00 0 
2b2565fa7000-2b25662a7000 ---p 00000000 00:00 0 
2b25662a7000-2b2566378000 rw-p 00000000 00:00 0 
2b2566378000-2b2566545000 r--s 03be7000 08:01 1839250                    /usr/lib/jvm/java-8-openjdk-amd64/jre/lib/rt.jar
2b2566545000-2b2567fac000 rw-p 00000000 00:00 0 
2b2567fac000-2b2567fc8000 r--s 00393000 08:01 1839255                    /usr/lib/jvm/java-8-openjdk-amd64/jre/lib/ext/cldrdata.jar
2b2567fc8000-2b2567fe3000 r--s 001d7000 08:01 1839259                    /usr/lib/jvm/java-8-openjdk-amd64/jre/lib/ext/nashorn.jar
2b2567fe3000-2b2567fec000 r--s 0006d000 08:01 10879054                   /tmp/jar_cache8019274987865141298.tmp (deleted)
2b2567fec000-2b2567ff7000 r--s 0005f000 08:01 10879061                   /tmp/jar_cache3532112338768070066.tmp (deleted)
2b2568000000-2b2568021000 rw-p 00000000 00:00 0 
2b2568021000-2b256c000000 ---p 00000000 00:00 0 
2b256c000000-2b256c707000 rw-p 00000000 00:00 0 
2b256c707000-2b256c708000 ---p 00000000 00:00 0 
2b256c708000-2b256c808000 rw-p 00000000 00:00 0 
2b256c808000-2b256c80b000 ---p 00000000 00:00 0 
2b256c80b000-2b256c909000 rw-p 00000000 00:00 0 
2b256c909000-2b256c90c000 ---p 00000000 00:00 0 
2b256c90c000-2b256ca0a000 rw-p 00000000 00:00 0 
2b256ca0a000-2b256cce4000 r--p 00000000 08:01 1584434                    /usr/lib/locale/locale-archive
2b256cce4000-2b256cce7000 ---p 00000000 00:00 0 
2b256cce7000-2b256cde5000 rw-p 00000000 00:00 0 
2b256cde5000-2b256cde8000 ---p 00000000 00:00 0 
2b256cde8000-2b256cee6000 rw-p 00000000 00:00 0 
2b256cee6000-2b256cee9000 ---p 00000000 00:00 0 
2b256cee9000-2b256cfe7000 rw-p 00000000 00:00 0 
2b256cfe7000-2b256cfea000 ---p 00000000 00:00 0 
2b256cfea000-2b256d0e8000 rw-p 00000000 00:00 0 
2b256d0e8000-2b256d0eb000 ---p 00000000 00:00 0 
2b256d0eb000-2b256d1e9000 rw-p 00000000 00:00 0 
2b256d1e9000-2b256d1ec000 ---p 00000000 00:00 0 
2b256d1ec000-2b256d2ea000 rw-p 00000000 00:00 0 
2b256d2ea000-2b256d2eb000 ---p 00000000 00:00 0 
2b256d2eb000-2b256d3eb000 rw-p 00000000 00:00 0 
2b256d3eb000-2b256d3fc000 r-xp 00000000 08:01 1838839                    /usr/lib/jvm/java-8-openjdk-amd64/jre/lib/amd64/libnio.so
2b256d3fc000-2b256d5fc000 ---p 00011000 08:01 1838839                    /usr/lib/jvm/java-8-openjdk-amd64/jre/lib/amd64/libnio.so
2b256d5fc000-2b256d5fd000 r--p 00011000 08:01 1838839                    /usr/lib/jvm/java-8-openjdk-amd64/jre/lib/amd64/libnio.so
2b256d5fd000-2b256d5fe000 rw-p 00012000 08:01 1838839                    /usr/lib/jvm/java-8-openjdk-amd64/jre/lib/amd64/libnio.so
2b256d5fe000-2b256d615000 r-xp 00000000 08:01 1838842                    /usr/lib/jvm/java-8-openjdk-amd64/jre/lib/amd64/libnet.so
2b256d615000-2b256d814000 ---p 00017000 08:01 1838842                    /usr/lib/jvm/java-8-openjdk-amd64/jre/lib/amd64/libnet.so
2b256d814000-2b256d815000 r--p 00016000 08:01 1838842                    /usr/lib/jvm/java-8-openjdk-amd64/jre/lib/amd64/libnet.so
2b256d815000-2b256d816000 rw-p 00017000 08:01 1838842                    /usr/lib/jvm/java-8-openjdk-amd64/jre/lib/amd64/libnet.so
2b256d816000-2b256d852000 r--s 012b4000 08:01 10879066                   /tmp/jar_cache5497998031407169434.tmp (deleted)
2b256d852000-2b256d85b000 r-xp 00000000 08:01 1838840                    /usr/lib/jvm/java-8-openjdk-amd64/jre/lib/amd64/libmanagement.so
2b256d85b000-2b256da5a000 ---p 00009000 08:01 1838840                    /usr/lib/jvm/java-8-openjdk-amd64/jre/lib/amd64/libmanagement.so
2b256da5a000-2b256da5b000 r--p 00008000 08:01 1838840                    /usr/lib/jvm/java-8-openjdk-amd64/jre/lib/amd64/libmanagement.so
2b256da5b000-2b256da5c000 rw-p 00009000 08:01 1838840                    /usr/lib/jvm/java-8-openjdk-amd64/jre/lib/amd64/libmanagement.so
2b2570000000-2b2570021000 rw-p 00000000 00:00 0 
2b2570021000-2b2574000000 ---p 00000000 00:00 0 
2b2574000000-2b2574021000 rw-p 00000000 00:00 0 
2b2574021000-2b2578000000 ---p 00000000 00:00 0 
2b2578000000-2b2578021000 rw-p 00000000 00:00 0 
2b2578021000-2b257c000000 ---p 00000000 00:00 0 
2b257c000000-2b257c021000 rw-p 00000000 00:00 0 
2b257c021000-2b2580000000 ---p 00000000 00:00 0 
2b2580000000-2b2580021000 rw-p 00000000 00:00 0 
2b2580021000-2b2584000000 ---p 00000000 00:00 0 
2b2584000000-2b2584021000 rw-p 00000000 00:00 0 
2b2584021000-2b2588000000 ---p 00000000 00:00 0 
2b2588000000-2b2588021000 rw-p 00000000 00:00 0 
2b2588021000-2b258c000000 ---p 00000000 00:00 0 
2b258c000000-2b258c021000 rw-p 00000000 00:00 0 
2b258c021000-2b2590000000 ---p 00000000 00:00 0 
2b2590000000-2b2590021000 rw-p 00000000 00:00 0 
2b2590021000-2b2594000000 ---p 00000000 00:00 0 
2b2594000000-2b25a7910000 rw-p 00000000 00:00 0 
2b25a8000000-2b25a8021000 rw-p 00000000 00:00 0 
2b25a8021000-2b25ac000000 ---p 00000000 00:00 0 
2b25ac000000-2b25ac021000 rw-p 00000000 00:00 0 
2b25ac021000-2b25b0000000 ---p 00000000 00:00 0 
2b25b0000000-2b25b0021000 rw-p 00000000 00:00 0 
2b25b0021000-2b25b4000000 ---p 00000000 00:00 0 
2b25b4000000-2b25b4021000 rw-p 00000000 00:00 0 
2b25b4021000-2b25b8000000 ---p 00000000 00:00 0 
2b25b8000000-2b25b9823000 rw-p 00000000 00:00 0 
2b25b9823000-2b25bc000000 ---p 00000000 00:00 0 
2b25bc000000-2b25bd612000 rw-p 00000000 00:00 0 
2b25bd612000-2b25c0000000 ---p 00000000 00:00 0 
2b25c0000000-2b25c138b000 rw-p 00000000 00:00 0 
2b25c138b000-2b25c4000000 ---p 00000000 00:00 0 
2b25c4000000-2b25c43dc000 rw-p 00000000 00:00 0 
2b25c43dc000-2b25c8000000 ---p 00000000 00:00 0 
2b25c8000000-2b25c8021000 rw-p 00000000 00:00 0 
2b25c8021000-2b25cc000000 ---p 00000000 00:00 0 
2b25cc000000-2b25cc021000 rw-p 00000000 00:00 0 
2b25cc021000-2b25d0000000 ---p 00000000 00:00 0 
7fff864b7000-7fff864d8000 rw-p 00000000 00:00 0                          [stack]
7fff865a5000-7fff865a7000 r--p 00000000 00:00 0                          [vvar]
7fff865a7000-7fff865a9000 r-xp 00000000 00:00 0                          [vdso]
ffffffffff600000-ffffffffff601000 r-xp 00000000 00:00 0                  [vsyscall]

VM Arguments:
java_command: gihh.jar 11 2 7200000
java_class_path (initial): gihh.jar
Launcher Type: SUN_STANDARD

Environment Variables:
PATH=/tmp/103981.1.main.q:/usr/local/bin:/bin:/usr/bin:/snap/bin
SHELL=/bin/bash

Signal Handlers:
SIGSEGV: [libjvm.so+0xa5e090], sa_mask[0]=11111111011111111101111111111110, sa_flags=SA_RESTART|SA_SIGINFO
SIGBUS: [libjvm.so+0xa5e090], sa_mask[0]=11111111011111111101111111111110, sa_flags=SA_RESTART|SA_SIGINFO
SIGFPE: [libjvm.so+0x8a9800], sa_mask[0]=11111111011111111101111111111110, sa_flags=SA_RESTART|SA_SIGINFO
SIGPIPE: [libjvm.so+0x8a9800], sa_mask[0]=11111111011111111101111111111110, sa_flags=SA_RESTART|SA_SIGINFO
SIGXFSZ: [libjvm.so+0x8a9800], sa_mask[0]=11111111011111111101111111111110, sa_flags=SA_RESTART|SA_SIGINFO
SIGILL: [libjvm.so+0x8a9800], sa_mask[0]=11111111011111111101111111111110, sa_flags=SA_RESTART|SA_SIGINFO
SIGUSR1: SIG_DFL, sa_mask[0]=00000000000000000000000000000000, sa_flags=none
SIGUSR2: [libjvm.so+0x8a96b0], sa_mask[0]=00000000000000000000000000000000, sa_flags=SA_RESTART|SA_SIGINFO
SIGHUP: [libjvm.so+0x8a9b80], sa_mask[0]=11111111011111111101111111111110, sa_flags=SA_RESTART|SA_SIGINFO
SIGINT: [libjvm.so+0x8a9b80], sa_mask[0]=11111111011111111101111111111110, sa_flags=SA_RESTART|SA_SIGINFO
SIGTERM: [libjvm.so+0x8a9b80], sa_mask[0]=11111111011111111101111111111110, sa_flags=SA_RESTART|SA_SIGINFO
SIGQUIT: [libjvm.so+0x8a9b80], sa_mask[0]=11111111011111111101111111111110, sa_flags=SA_RESTART|SA_SIGINFO


---------------  S Y S T E M  ---------------

OS:DISTRIB_ID=Ubuntu
DISTRIB_RELEASE=16.04
DISTRIB_CODENAME=xenial
DISTRIB_DESCRIPTION="Ubuntu 16.04 LTS"

uname:Linux 4.4.0-22-generic #40-Ubuntu SMP Thu May 12 22:03:46 UTC 2016 x86_64
libc:glibc 2.23 NPTL 2.23 
rlimit: STACK infinity, CORE infinity, NPROC 160115, NOFILE 4096, AS infinity
load average:11,44 11,61 11,90

/proc/meminfo:
MemTotal:       41028468 kB
MemFree:          503164 kB
MemAvailable:     564992 kB
Buffers:            6536 kB
Cached:           120304 kB
SwapCached:            0 kB
Active:         40143056 kB
Inactive:          72916 kB
Active(anon):   40090604 kB
Inactive(anon):    12020 kB
Active(file):      52452 kB
Inactive(file):    60896 kB
Unevictable:           0 kB
Mlocked:               0 kB
SwapTotal:             0 kB
SwapFree:              0 kB
Dirty:               508 kB
Writeback:             0 kB
AnonPages:      40089480 kB
Mapped:            44492 kB
Shmem:             13144 kB
Slab:              63756 kB
SReclaimable:      24832 kB
SUnreclaim:        38924 kB
KernelStack:        9920 kB
PageTables:        95528 kB
NFS_Unstable:       1236 kB
Bounce:                0 kB
WritebackTmp:          0 kB
CommitLimit:    20514232 kB
Committed_AS:   50158500 kB
VmallocTotal:   34359738367 kB
VmallocUsed:           0 kB
VmallocChunk:          0 kB
HardwareCorrupted:     0 kB
AnonHugePages:  38707200 kB
CmaTotal:              0 kB
CmaFree:               0 kB
HugePages_Total:       0
HugePages_Free:        0
HugePages_Rsvd:        0
HugePages_Surp:        0
Hugepagesize:       2048 kB
DirectMap4k:       96492 kB
DirectMap2M:     2871296 kB
DirectMap1G:    40894464 kB


CPU:total 12 (6 cores per cpu, 2 threads per core) family 6 model 63 stepping 2, cmov, cx8, fxsr, mmx, sse, sse2, sse3, ssse3, sse4.1, sse4.2, popcnt, avx, avx2, aes, clmul, erms, lzcnt, ht, tsc, tscinvbit, bmi1, bmi2

/proc/cpuinfo:
processor	: 0
vendor_id	: GenuineIntel
cpu family	: 6
model		: 63
model name	: Intel(R) Core(TM) i7-5930K CPU @ 3.50GHz
stepping	: 2
microcode	: 0x29
cpu MHz		: 3599.941
cache size	: 15360 KB
physical id	: 0
siblings	: 12
core id		: 0
cpu cores	: 6
apicid		: 0
initial apicid	: 0
fpu		: yes
fpu_exception	: yes
cpuid level	: 15
wp		: yes
flags		: fpu vme de pse tsc msr pae mce cx8 apic sep mtrr pge mca cmov pat pse36 clflush dts acpi mmx fxsr sse sse2 ss ht tm pbe syscall nx pdpe1gb rdtscp lm constant_tsc arch_perfmon pebs bts rep_good nopl xtopology nonstop_tsc aperfmperf eagerfpu pni pclmulqdq dtes64 monitor ds_cpl vmx est tm2 ssse3 sdbg fma cx16 xtpr pdcm pcid dca sse4_1 sse4_2 x2apic movbe popcnt tsc_deadline_timer aes xsave avx f16c rdrand lahf_lm abm epb tpr_shadow vnmi flexpriority ept vpid fsgsbase tsc_adjust bmi1 avx2 smep bmi2 erms invpcid cqm xsaveopt cqm_llc cqm_occup_llc dtherm ida arat pln pts
bugs		:
bogomips	: 6999.50
clflush size	: 64
cache_alignment	: 64
address sizes	: 46 bits physical, 48 bits virtual
power management:

processor	: 1
vendor_id	: GenuineIntel
cpu family	: 6
model		: 63
model name	: Intel(R) Core(TM) i7-5930K CPU @ 3.50GHz
stepping	: 2
microcode	: 0x29
cpu MHz		: 3599.941
cache size	: 15360 KB
physical id	: 0
siblings	: 12
core id		: 1
cpu cores	: 6
apicid		: 2
initial apicid	: 2
fpu		: yes
fpu_exception	: yes
cpuid level	: 15
wp		: yes
flags		: fpu vme de pse tsc msr pae mce cx8 apic sep mtrr pge mca cmov pat pse36 clflush dts acpi mmx fxsr sse sse2 ss ht tm pbe syscall nx pdpe1gb rdtscp lm constant_tsc arch_perfmon pebs bts rep_good nopl xtopology nonstop_tsc aperfmperf eagerfpu pni pclmulqdq dtes64 monitor ds_cpl vmx est tm2 ssse3 sdbg fma cx16 xtpr pdcm pcid dca sse4_1 sse4_2 x2apic movbe popcnt tsc_deadline_timer aes xsave avx f16c rdrand lahf_lm abm epb tpr_shadow vnmi flexpriority ept vpid fsgsbase tsc_adjust bmi1 avx2 smep bmi2 erms invpcid cqm xsaveopt cqm_llc cqm_occup_llc dtherm ida arat pln pts
bugs		:
bogomips	: 6999.50
clflush size	: 64
cache_alignment	: 64
address sizes	: 46 bits physical, 48 bits virtual
power management:

processor	: 2
vendor_id	: GenuineIntel
cpu family	: 6
model		: 63
model name	: Intel(R) Core(TM) i7-5930K CPU @ 3.50GHz
stepping	: 2
microcode	: 0x29
cpu MHz		: 3599.941
cache size	: 15360 KB
physical id	: 0
siblings	: 12
core id		: 2
cpu cores	: 6
apicid		: 4
initial apicid	: 4
fpu		: yes
fpu_exception	: yes
cpuid level	: 15
wp		: yes
flags		: fpu vme de pse tsc msr pae mce cx8 apic sep mtrr pge mca cmov pat pse36 clflush dts acpi mmx fxsr sse sse2 ss ht tm pbe syscall nx pdpe1gb rdtscp lm constant_tsc arch_perfmon pebs bts rep_good nopl xtopology nonstop_tsc aperfmperf eagerfpu pni pclmulqdq dtes64 monitor ds_cpl vmx est tm2 ssse3 sdbg fma cx16 xtpr pdcm pcid dca sse4_1 sse4_2 x2apic movbe popcnt tsc_deadline_timer aes xsave avx f16c rdrand lahf_lm abm epb tpr_shadow vnmi flexpriority ept vpid fsgsbase tsc_adjust bmi1 avx2 smep bmi2 erms invpcid cqm xsaveopt cqm_llc cqm_occup_llc dtherm ida arat pln pts
bugs		:
bogomips	: 6999.50
clflush size	: 64
cache_alignment	: 64
address sizes	: 46 bits physical, 48 bits virtual
power management:

processor	: 3
vendor_id	: GenuineIntel
cpu family	: 6
model		: 63
model name	: Intel(R) Core(TM) i7-5930K CPU @ 3.50GHz
stepping	: 2
microcode	: 0x29
cpu MHz		: 3599.941
cache size	: 15360 KB
physical id	: 0
siblings	: 12
core id		: 3
cpu cores	: 6
apicid		: 6
initial apicid	: 6
fpu		: yes
fpu_exception	: yes
cpuid level	: 15
wp		: yes
flags		: fpu vme de pse tsc msr pae mce cx8 apic sep mtrr pge mca cmov pat pse36 clflush dts acpi mmx fxsr sse sse2 ss ht tm pbe syscall nx pdpe1gb rdtscp lm constant_tsc arch_perfmon pebs bts rep_good nopl xtopology nonstop_tsc aperfmperf eagerfpu pni pclmulqdq dtes64 monitor ds_cpl vmx est tm2 ssse3 sdbg fma cx16 xtpr pdcm pcid dca sse4_1 sse4_2 x2apic movbe popcnt tsc_deadline_timer aes xsave avx f16c rdrand lahf_lm abm epb tpr_shadow vnmi flexpriority ept vpid fsgsbase tsc_adjust bmi1 avx2 smep bmi2 erms invpcid cqm xsaveopt cqm_llc cqm_occup_llc dtherm ida arat pln pts
bugs		:
bogomips	: 6999.50
clflush size	: 64
cache_alignment	: 64
address sizes	: 46 bits physical, 48 bits virtual
power management:

processor	: 4
vendor_id	: GenuineIntel
cpu family	: 6
model		: 63
model name	: Intel(R) Core(TM) i7-5930K CPU @ 3.50GHz
stepping	: 2
microcode	: 0x29
cpu MHz		: 3599.941
cache size	: 15360 KB
physical id	: 0
siblings	: 12
core id		: 4
cpu cores	: 6
apicid		: 8
initial apicid	: 8
fpu		: yes
fpu_exception	: yes
cpuid level	: 15
wp		: yes
flags		: fpu vme de pse tsc msr pae mce cx8 apic sep mtrr pge mca cmov pat pse36 clflush dts acpi mmx fxsr sse sse2 ss ht tm pbe syscall nx pdpe1gb rdtscp lm constant_tsc arch_perfmon pebs bts rep_good nopl xtopology nonstop_tsc aperfmperf eagerfpu pni pclmulqdq dtes64 monitor ds_cpl vmx est tm2 ssse3 sdbg fma cx16 xtpr pdcm pcid dca sse4_1 sse4_2 x2apic movbe popcnt tsc_deadline_timer aes xsave avx f16c rdrand lahf_lm abm epb tpr_shadow vnmi flexpriority ept vpid fsgsbase tsc_adjust bmi1 avx2 smep bmi2 erms invpcid cqm xsaveopt cqm_llc cqm_occup_llc dtherm ida arat pln pts
bugs		:
bogomips	: 6999.50
clflush size	: 64
cache_alignment	: 64
address sizes	: 46 bits physical, 48 bits virtual
power management:

processor	: 5
vendor_id	: GenuineIntel
cpu family	: 6
model		: 63
model name	: Intel(R) Core(TM) i7-5930K CPU @ 3.50GHz
stepping	: 2
microcode	: 0x29
cpu MHz		: 3599.941
cache size	: 15360 KB
physical id	: 0
siblings	: 12
core id		: 5
cpu cores	: 6
apicid		: 10
initial apicid	: 10
fpu		: yes
fpu_exception	: yes
cpuid level	: 15
wp		: yes
flags		: fpu vme de pse tsc msr pae mce cx8 apic sep mtrr pge mca cmov pat pse36 clflush dts acpi mmx fxsr sse sse2 ss ht tm pbe syscall nx pdpe1gb rdtscp lm constant_tsc arch_perfmon pebs bts rep_good nopl xtopology nonstop_tsc aperfmperf eagerfpu pni pclmulqdq dtes64 monitor ds_cpl vmx est tm2 ssse3 sdbg fma cx16 xtpr pdcm pcid dca sse4_1 sse4_2 x2apic movbe popcnt tsc_deadline_timer aes xsave avx f16c rdrand lahf_lm abm epb tpr_shadow vnmi flexpriority ept vpid fsgsbase tsc_adjust bmi1 avx2 smep bmi2 erms invpcid cqm xsaveopt cqm_llc cqm_occup_llc dtherm ida arat pln pts
bugs		:
bogomips	: 6999.50
clflush size	: 64
cache_alignment	: 64
address sizes	: 46 bits physical, 48 bits virtual
power management:

processor	: 6
vendor_id	: GenuineIntel
cpu family	: 6
model		: 63
model name	: Intel(R) Core(TM) i7-5930K CPU @ 3.50GHz
stepping	: 2
microcode	: 0x29
cpu MHz		: 3599.941
cache size	: 15360 KB
physical id	: 0
siblings	: 12
core id		: 0
cpu cores	: 6
apicid		: 1
initial apicid	: 1
fpu		: yes
fpu_exception	: yes
cpuid level	: 15
wp		: yes
flags		: fpu vme de pse tsc msr pae mce cx8 apic sep mtrr pge mca cmov pat pse36 clflush dts acpi mmx fxsr sse sse2 ss ht tm pbe syscall nx pdpe1gb rdtscp lm constant_tsc arch_perfmon pebs bts rep_good nopl xtopology nonstop_tsc aperfmperf eagerfpu pni pclmulqdq dtes64 monitor ds_cpl vmx est tm2 ssse3 sdbg fma cx16 xtpr pdcm pcid dca sse4_1 sse4_2 x2apic movbe popcnt tsc_deadline_timer aes xsave avx f16c rdrand lahf_lm abm epb tpr_shadow vnmi flexpriority ept vpid fsgsbase tsc_adjust bmi1 avx2 smep bmi2 erms invpcid cqm xsaveopt cqm_llc cqm_occup_llc dtherm ida arat pln pts
bugs		:
bogomips	: 6999.50
clflush size	: 64
cache_alignment	: 64
address sizes	: 46 bits physical, 48 bits virtual
power management:

processor	: 7
vendor_id	: GenuineIntel
cpu family	: 6
model		: 63
model name	: Intel(R) Core(TM) i7-5930K CPU @ 3.50GHz
stepping	: 2
microcode	: 0x29
cpu MHz		: 3599.941
cache size	: 15360 KB
physical id	: 0
siblings	: 12
core id		: 1
cpu cores	: 6
apicid		: 3
initial apicid	: 3
fpu		: yes
fpu_exception	: yes
cpuid level	: 15
wp		: yes
flags		: fpu vme de pse tsc msr pae mce cx8 apic sep mtrr pge mca cmov pat pse36 clflush dts acpi mmx fxsr sse sse2 ss ht tm pbe syscall nx pdpe1gb rdtscp lm constant_tsc arch_perfmon pebs bts rep_good nopl xtopology nonstop_tsc aperfmperf eagerfpu pni pclmulqdq dtes64 monitor ds_cpl vmx est tm2 ssse3 sdbg fma cx16 xtpr pdcm pcid dca sse4_1 sse4_2 x2apic movbe popcnt tsc_deadline_timer aes xsave avx f16c rdrand lahf_lm abm epb tpr_shadow vnmi flexpriority ept vpid fsgsbase tsc_adjust bmi1 avx2 smep bmi2 erms invpcid cqm xsaveopt cqm_llc cqm_occup_llc dtherm ida arat pln pts
bugs		:
bogomips	: 6999.50
clflush size	: 64
cache_alignment	: 64
address sizes	: 46 bits physical, 48 bits virtual
power management:

processor	: 8
vendor_id	: GenuineIntel
cpu family	: 6
model		: 63
model name	: Intel(R) Core(TM) i7-5930K CPU @ 3.50GHz
stepping	: 2
microcode	: 0x29
cpu MHz		: 3599.941
cache size	: 15360 KB
physical id	: 0
siblings	: 12
core id		: 2
cpu cores	: 6
apicid		: 5
initial apicid	: 5
fpu		: yes
fpu_exception	: yes
cpuid level	: 15
wp		: yes
flags		: fpu vme de pse tsc msr pae mce cx8 apic sep mtrr pge mca cmov pat pse36 clflush dts acpi mmx fxsr sse sse2 ss ht tm pbe syscall nx pdpe1gb rdtscp lm constant_tsc arch_perfmon pebs bts rep_good nopl xtopology nonstop_tsc aperfmperf eagerfpu pni pclmulqdq dtes64 monitor ds_cpl vmx est tm2 ssse3 sdbg fma cx16 xtpr pdcm pcid dca sse4_1 sse4_2 x2apic movbe popcnt tsc_deadline_timer aes xsave avx f16c rdrand lahf_lm abm epb tpr_shadow vnmi flexpriority ept vpid fsgsbase tsc_adjust bmi1 avx2 smep bmi2 erms invpcid cqm xsaveopt cqm_llc cqm_occup_llc dtherm ida arat pln pts
bugs		:
bogomips	: 6999.50
clflush size	: 64
cache_alignment	: 64
address sizes	: 46 bits physical, 48 bits virtual
power management:

processor	: 9
vendor_id	: GenuineIntel
cpu family	: 6
model		: 63
model name	: Intel(R) Core(TM) i7-5930K CPU @ 3.50GHz
stepping	: 2
microcode	: 0x29
cpu MHz		: 3599.941
cache size	: 15360 KB
physical id	: 0
siblings	: 12
core id		: 3
cpu cores	: 6
apicid		: 7
initial apicid	: 7
fpu		: yes
fpu_exception	: yes
cpuid level	: 15
wp		: yes
flags		: fpu vme de pse tsc msr pae mce cx8 apic sep mtrr pge mca cmov pat pse36 clflush dts acpi mmx fxsr sse sse2 ss ht tm pbe syscall nx pdpe1gb rdtscp lm constant_tsc arch_perfmon pebs bts rep_good nopl xtopology nonstop_tsc aperfmperf eagerfpu pni pclmulqdq dtes64 monitor ds_cpl vmx est tm2 ssse3 sdbg fma cx16 xtpr pdcm pcid dca sse4_1 sse4_2 x2apic movbe popcnt tsc_deadline_timer aes xsave avx f16c rdrand lahf_lm abm epb tpr_shadow vnmi flexpriority ept vpid fsgsbase tsc_adjust bmi1 avx2 smep bmi2 erms invpcid cqm xsaveopt cqm_llc cqm_occup_llc dtherm ida arat pln pts
bugs		:
bogomips	: 6999.50
clflush size	: 64
cache_alignment	: 64
address sizes	: 46 bits physical, 48 bits virtual
power management:

processor	: 10
vendor_id	: GenuineIntel
cpu family	: 6
model		: 63
model name	: Intel(R) Core(TM) i7-5930K CPU @ 3.50GHz
stepping	: 2
microcode	: 0x29
cpu MHz		: 3599.804
cache size	: 15360 KB
physical id	: 0
siblings	: 12
core id		: 4
cpu cores	: 6
apicid		: 9
initial apicid	: 9
fpu		: yes
fpu_exception	: yes
cpuid level	: 15
wp		: yes
flags		: fpu vme de pse tsc msr pae mce cx8 apic sep mtrr pge mca cmov pat pse36 clflush dts acpi mmx fxsr sse sse2 ss ht tm pbe syscall nx pdpe1gb rdtscp lm constant_tsc arch_perfmon pebs bts rep_good nopl xtopology nonstop_tsc aperfmperf eagerfpu pni pclmulqdq dtes64 monitor ds_cpl vmx est tm2 ssse3 sdbg fma cx16 xtpr pdcm pcid dca sse4_1 sse4_2 x2apic movbe popcnt tsc_deadline_timer aes xsave avx f16c rdrand lahf_lm abm epb tpr_shadow vnmi flexpriority ept vpid fsgsbase tsc_adjust bmi1 avx2 smep bmi2 erms invpcid cqm xsaveopt cqm_llc cqm_occup_llc dtherm ida arat pln pts
bugs		:
bogomips	: 6999.50
clflush size	: 64
cache_alignment	: 64
address sizes	: 46 bits physical, 48 bits virtual
power management:

processor	: 11
vendor_id	: GenuineIntel
cpu family	: 6
model		: 63
model name	: Intel(R) Core(TM) i7-5930K CPU @ 3.50GHz
stepping	: 2
microcode	: 0x29
cpu MHz		: 3599.941
cache size	: 15360 KB
physical id	: 0
siblings	: 12
core id		: 5
cpu cores	: 6
apicid		: 11
initial apicid	: 11
fpu		: yes
fpu_exception	: yes
cpuid level	: 15
wp		: yes
flags		: fpu vme de pse tsc msr pae mce cx8 apic sep mtrr pge mca cmov pat pse36 clflush dts acpi mmx fxsr sse sse2 ss ht tm pbe syscall nx pdpe1gb rdtscp lm constant_tsc arch_perfmon pebs bts rep_good nopl xtopology nonstop_tsc aperfmperf eagerfpu pni pclmulqdq dtes64 monitor ds_cpl vmx est tm2 ssse3 sdbg fma cx16 xtpr pdcm pcid dca sse4_1 sse4_2 x2apic movbe popcnt tsc_deadline_timer aes xsave avx f16c rdrand lahf_lm abm epb tpr_shadow vnmi flexpriority ept vpid fsgsbase tsc_adjust bmi1 avx2 smep bmi2 erms invpcid cqm xsaveopt cqm_llc cqm_occup_llc dtherm ida arat pln pts
bugs		:
bogomips	: 6999.50
clflush size	: 64
cache_alignment	: 64
address sizes	: 46 bits physical, 48 bits virtual
power management:



Memory: 4k page, physical 41028468k(503164k free), swap 0k(0k free)

vm_info: OpenJDK 64-Bit Server VM (25.91-b14) for linux-amd64 JRE (1.8.0_91-8u91-b14-0ubuntu4~16.04.1-b14), built on Apr 23 2016 07:03:54 by "buildd" with gcc 5.3.1 20160413

time: Tue May 24 02:50:50 2016
elapsed time: 486 seconds (0d 0h 8m 6s)

