#
# There is insufficient memory for the Java Runtime Environment to continue.
# Native memory allocation (mmap) failed to map 50331648 bytes for committing reserved memory.
# Possible reasons:
#   The system is out of physical RAM or swap space
#   In 32 bit mode, the process size limit was hit
# Possible solutions:
#   Reduce memory load on the system
#   Increase physical memory or swap space
#   Check if swap backing store is full
#   Use 64 bit Java on a 64 bit OS
#   Decrease Java heap size (-Xmx/-Xms)
#   Decrease number of Java threads
#   Decrease Java thread stack sizes (-Xss)
#   Set larger code cache with -XX:ReservedCodeCacheSize=
# This output file may be truncated or incomplete.
#
#  Out of Memory Error (os_linux.cpp:2630), pid=6362, tid=47078906623744
#
# JRE version: OpenJDK Runtime Environment (8.0_91-b14) (build 1.8.0_91-8u91-b14-0ubuntu4~16.04.1-b14)
# Java VM: OpenJDK 64-Bit Server VM (25.91-b14 mixed mode linux-amd64 compressed oops)
# Core dump written. Default location: /media/sharedDisk/vdfontoura/GIHH-Results/core or core.6362
#

---------------  T H R E A D  ---------------

Current thread (0x00002ad14c20a800):  VMThread [stack: 0x00002ad169717000,0x00002ad169818000] [id=6374]

Stack: [0x00002ad169717000,0x00002ad169818000],  sp=0x00002ad1698164c0,  free space=1021k
Native frames: (J=compiled Java code, j=interpreted, Vv=VM code, C=native code)
V  [libjvm.so+0xa5d53b]
V  [libjvm.so+0x4c172c]
V  [libjvm.so+0x8ae1e0]
V  [libjvm.so+0x8a865e]
V  [libjvm.so+0x922756]
V  [libjvm.so+0x923a83]
V  [libjvm.so+0x920133]
V  [libjvm.so+0x9203fc]
V  [libjvm.so+0x8d2a73]
V  [libjvm.so+0xa5f1f2]
V  [libjvm.so+0xa64277]
V  [libjvm.so+0xa61a47]
V  [libjvm.so+0xa62ecf]
V  [libjvm.so+0xa633c1]
V  [libjvm.so+0x8ab6c2]

VM_Operation (0x00002ad14833eed0): ParallelGCFailedAllocation, mode: safepoint, requested by thread 0x00002ad14c009800


---------------  P R O C E S S  ---------------

Java Threads: ( => current thread )
  0x00002ad14c257800 JavaThread "Service Thread" daemon [_thread_blocked, id=6382, stack(0x00002ad16a1f9000,0x00002ad16a2fa000)]
  0x00002ad14c24a800 JavaThread "C1 CompilerThread3" daemon [_thread_blocked, id=6381, stack(0x00002ad16a0f8000,0x00002ad16a1f9000)]
  0x00002ad14c246000 JavaThread "C2 CompilerThread2" daemon [_thread_blocked, id=6380, stack(0x00002ad169ff7000,0x00002ad16a0f8000)]
  0x00002ad14c244000 JavaThread "C2 CompilerThread1" daemon [_thread_blocked, id=6379, stack(0x00002ad169ef6000,0x00002ad169ff7000)]
  0x00002ad14c241000 JavaThread "C2 CompilerThread0" daemon [_thread_blocked, id=6378, stack(0x00002ad169df5000,0x00002ad169ef6000)]
  0x00002ad14c23f000 JavaThread "Signal Dispatcher" daemon [_thread_blocked, id=6377, stack(0x00002ad169cf4000,0x00002ad169df5000)]
  0x00002ad14c216800 JavaThread "Finalizer" daemon [_thread_blocked, id=6376, stack(0x00002ad169919000,0x00002ad169a1a000)]
  0x00002ad14c212000 JavaThread "Reference Handler" daemon [_thread_blocked, id=6375, stack(0x00002ad169818000,0x00002ad169919000)]
  0x00002ad14c009800 JavaThread "main" [_thread_blocked, id=6363, stack(0x00002ad148240000,0x00002ad148341000)]

Other Threads:
=>0x00002ad14c20a800 VMThread [stack: 0x00002ad169717000,0x00002ad169818000] [id=6374]
  0x00002ad14c25a000 WatcherThread [stack: 0x00002ad16a2fa000,0x00002ad16a3fb000] [id=6383]

VM state:at safepoint (normal execution)

VM Mutex/Monitor currently owned by a thread:  ([mutex/lock_event])
[0x00002ad14c006030] Threads_lock - owner thread: 0x00002ad14c20a800
[0x00002ad14c006530] Heap_lock - owner thread: 0x00002ad14c009800

Heap:
 PSYoungGen      total 3207680K, used 32K [0x00000006ef500000, 0x00000007bd000000, 0x00000007c0000000)
  eden space 3207168K, 0% used [0x00000006ef500000,0x00000006ef500000,0x00000007b3100000)
  from space 512K, 6% used [0x00000007bcf80000,0x00000007bcf88000,0x00000007bd000000)
  to   space 512K, 0% used [0x00000007b3100000,0x00000007b3100000,0x00000007b3180000)
 ParOldGen       total 429056K, used 7850K [0x000000054de00000, 0x0000000568100000, 0x00000006ef500000)
  object space 429056K, 1% used [0x000000054de00000,0x000000054e5aa9c0,0x0000000568100000)
 Metaspace       used 5604K, capacity 5708K, committed 5760K, reserved 1056768K
  class space    used 567K, capacity 600K, committed 640K, reserved 1048576K

Card table byte_map: [0x00002ad15f000000,0x00002ad160392000] byte_map_base: 0x00002ad15c591000

Marking Bits: (ParMarkBitMap*) 0x00002ad149f45fc0
 Begin Bits: [0x00002ad190000000, 0x00002ad199c88000)
 End Bits:   [0x00002ad199c88000, 0x00002ad1a3910000)

Polling page: 0x00002ad14821f000

CodeCache: size=245760Kb used=4339Kb max_used=5057Kb free=241420Kb
 bounds [0x00002ad150000000, 0x00002ad150530000, 0x00002ad15f000000]
 total_blobs=1057 nmethods=751 adapters=221
 compilation: enabled

Compilation events (10 events):
Event: 399,123 Thread 0x00002ad14c24a800  940       3       PDP.operators.OppositeMoveOperator::apply (164 bytes)
Event: 399,124 Thread 0x00002ad14c24a800 nmethod 940 0x00002ad150368390 code [0x00002ad1503685c0, 0x00002ad150369008]
Event: 399,600 Thread 0x00002ad14c244000  941       4       PDP.operators.OppositeMoveOperator::apply (164 bytes)
Event: 399,615 Thread 0x00002ad14c244000 nmethod 941 0x00002ad15029ef90 code [0x00002ad15029f1a0, 0x00002ad15029fc88]
Event: 416,379 Thread 0x00002ad14c241000  942       4       sun.nio.cs.StreamEncoder::writeBytes (132 bytes)
Event: 416,382 Thread 0x00002ad14c241000 nmethod 942 0x00002ad15022d3d0 code [0x00002ad15022d560, 0x00002ad15022d798]
Event: 426,017 Thread 0x00002ad14c24a800  943       3       be.kuleuven.kahosl.acceptance.AdaptiveIterationLimitedListBasedTA::accept (973 bytes)
Event: 426,024 Thread 0x00002ad14c24a800 nmethod 943 0x00002ad150427e50 code [0x00002ad150428980, 0x00002ad1504315e8]
Event: 426,385 Thread 0x00002ad14c246000  944       4       be.kuleuven.kahosl.acceptance.AdaptiveIterationLimitedListBasedTA::accept (973 bytes)
Event: 426,918 Thread 0x00002ad14c246000 nmethod 944 0x00002ad15043f350 code [0x00002ad15043fc80, 0x00002ad150447258]

GC Heap History (10 events):
Event: 433,261 GC heap after
Heap after GC invocations=833 (full 0):
 PSYoungGen      total 1624576K, used 32K [0x00000006ef500000, 0x00000007b3200000, 0x00000007c0000000)
  eden space 1624064K, 0% used [0x00000006ef500000,0x00000006ef500000,0x0000000752700000)
  from space 512K, 6% used [0x00000007b3100000,0x00000007b3108000,0x00000007b3180000)
  to   space 512K, 0% used [0x00000007b3180000,0x00000007b3180000,0x00000007b3200000)
 ParOldGen       total 429056K, used 7810K [0x000000054de00000, 0x0000000568100000, 0x00000006ef500000)
  object space 429056K, 1% used [0x000000054de00000,0x000000054e5a09c0,0x0000000568100000)
 Metaspace       used 5604K, capacity 5708K, committed 5760K, reserved 1056768K
  class space    used 567K, capacity 600K, committed 640K, reserved 1048576K
}
Event: 434,568 GC heap before
{Heap before GC invocations=834 (full 0):
 PSYoungGen      total 1624576K, used 1624096K [0x00000006ef500000, 0x00000007b3200000, 0x00000007c0000000)
  eden space 1624064K, 100% used [0x00000006ef500000,0x0000000752700000,0x0000000752700000)
  from space 512K, 6% used [0x00000007b3100000,0x00000007b3108000,0x00000007b3180000)
  to   space 512K, 0% used [0x00000007b3180000,0x00000007b3180000,0x00000007b3200000)
 ParOldGen       total 429056K, used 7810K [0x000000054de00000, 0x0000000568100000, 0x00000006ef500000)
  object space 429056K, 1% used [0x000000054de00000,0x000000054e5a09c0,0x0000000568100000)
 Metaspace       used 5604K, capacity 5708K, committed 5760K, reserved 1056768K
  class space    used 567K, capacity 600K, committed 640K, reserved 1048576K
Event: 434,621 GC heap after
Heap after GC invocations=834 (full 0):
 PSYoungGen      total 1949696K, used 32K [0x00000006ef500000, 0x00000007b3200000, 0x00000007c0000000)
  eden space 1949184K, 0% used [0x00000006ef500000,0x00000006ef500000,0x0000000766480000)
  from space 512K, 6% used [0x00000007b3180000,0x00000007b3188000,0x00000007b3200000)
  to   space 512K, 0% used [0x00000007b3100000,0x00000007b3100000,0x00000007b3180000)
 ParOldGen       total 429056K, used 7818K [0x000000054de00000, 0x0000000568100000, 0x00000006ef500000)
  object space 429056K, 1% used [0x000000054de00000,0x000000054e5a29c0,0x0000000568100000)
 Metaspace       used 5604K, capacity 5708K, committed 5760K, reserved 1056768K
  class space    used 567K, capacity 600K, committed 640K, reserved 1048576K
}
Event: 436,200 GC heap before
{Heap before GC invocations=835 (full 0):
 PSYoungGen      total 1949696K, used 1949216K [0x00000006ef500000, 0x00000007b3200000, 0x00000007c0000000)
  eden space 1949184K, 100% used [0x00000006ef500000,0x0000000766480000,0x0000000766480000)
  from space 512K, 6% used [0x00000007b3180000,0x00000007b3188000,0x00000007b3200000)
  to   space 512K, 0% used [0x00000007b3100000,0x00000007b3100000,0x00000007b3180000)
 ParOldGen       total 429056K, used 7818K [0x000000054de00000, 0x0000000568100000, 0x00000006ef500000)
  object space 429056K, 1% used [0x000000054de00000,0x000000054e5a29c0,0x0000000568100000)
 Metaspace       used 5604K, capacity 5708K, committed 5760K, reserved 1056768K
  class space    used 567K, capacity 600K, committed 640K, reserved 1048576K
Event: 436,214 GC heap after
Heap after GC invocations=835 (full 0):
 PSYoungGen      total 2339840K, used 32K [0x00000006ef500000, 0x00000007b3200000, 0x00000007c0000000)
  eden space 2339328K, 0% used [0x00000006ef500000,0x00000006ef500000,0x000000077e180000)
  from space 512K, 6% used [0x00000007b3100000,0x00000007b3108000,0x00000007b3180000)
  to   space 512K, 0% used [0x00000007b3180000,0x00000007b3180000,0x00000007b3200000)
 ParOldGen       total 429056K, used 7826K [0x000000054de00000, 0x0000000568100000, 0x00000006ef500000)
  object space 429056K, 1% used [0x000000054de00000,0x000000054e5a49c0,0x0000000568100000)
 Metaspace       used 5604K, capacity 5708K, committed 5760K, reserved 1056768K
  class space    used 567K, capacity 600K, committed 640K, reserved 1048576K
}
Event: 437,988 GC heap before
{Heap before GC invocations=836 (full 0):
 PSYoungGen      total 2339840K, used 2339360K [0x00000006ef500000, 0x00000007b3200000, 0x00000007c0000000)
  eden space 2339328K, 100% used [0x00000006ef500000,0x000000077e180000,0x000000077e180000)
  from space 512K, 6% used [0x00000007b3100000,0x00000007b3108000,0x00000007b3180000)
  to   space 512K, 0% used [0x00000007b3180000,0x00000007b3180000,0x00000007b3200000)
 ParOldGen       total 429056K, used 7826K [0x000000054de00000, 0x0000000568100000, 0x00000006ef500000)
  object space 429056K, 1% used [0x000000054de00000,0x000000054e5a49c0,0x0000000568100000)
 Metaspace       used 5604K, capacity 5708K, committed 5760K, reserved 1056768K
  class space    used 567K, capacity 600K, committed 640K, reserved 1048576K
Event: 437,990 GC heap after
Heap after GC invocations=836 (full 0):
 PSYoungGen      total 2807808K, used 32K [0x00000006ef500000, 0x00000007b3200000, 0x00000007c0000000)
  eden space 2807296K, 0% used [0x00000006ef500000,0x00000006ef500000,0x000000079aa80000)
  from space 512K, 6% used [0x00000007b3180000,0x00000007b3188000,0x00000007b3200000)
  to   space 512K, 0% used [0x00000007b3100000,0x00000007b3100000,0x00000007b3180000)
 ParOldGen       total 429056K, used 7834K [0x000000054de00000, 0x0000000568100000, 0x00000006ef500000)
  object space 429056K, 1% used [0x000000054de00000,0x000000054e5a69c0,0x0000000568100000)
 Metaspace       used 5604K, capacity 5708K, committed 5760K, reserved 1056768K
  class space    used 567K, capacity 600K, committed 640K, reserved 1048576K
}
Event: 440,032 GC heap before
{Heap before GC invocations=837 (full 0):
 PSYoungGen      total 2807808K, used 2807328K [0x00000006ef500000, 0x00000007b3200000, 0x00000007c0000000)
  eden space 2807296K, 100% used [0x00000006ef500000,0x000000079aa80000,0x000000079aa80000)
  from space 512K, 6% used [0x00000007b3180000,0x00000007b3188000,0x00000007b3200000)
  to   space 512K, 0% used [0x00000007b3100000,0x00000007b3100000,0x00000007b3180000)
 ParOldGen       total 429056K, used 7834K [0x000000054de00000, 0x0000000568100000, 0x00000006ef500000)
  object space 429056K, 1% used [0x000000054de00000,0x000000054e5a69c0,0x0000000568100000)
 Metaspace       used 5604K, capacity 5708K, committed 5760K, reserved 1056768K
  class space    used 567K, capacity 600K, committed 640K, reserved 1048576K
Event: 440,034 GC heap after
Heap after GC invocations=837 (full 0):
 PSYoungGen      total 3207680K, used 64K [0x00000006ef500000, 0x00000007bd000000, 0x00000007c0000000)
  eden space 3207168K, 0% used [0x00000006ef500000,0x00000006ef500000,0x00000007b3100000)
  from space 512K, 12% used [0x00000007b3100000,0x00000007b3110000,0x00000007b3180000)
  to   space 512K, 0% used [0x00000007bcf80000,0x00000007bcf80000,0x00000007bd000000)
 ParOldGen       total 429056K, used 7842K [0x000000054de00000, 0x0000000568100000, 0x00000006ef500000)
  object space 429056K, 1% used [0x000000054de00000,0x000000054e5a89c0,0x0000000568100000)
 Metaspace       used 5604K, capacity 5708K, committed 5760K, reserved 1056768K
  class space    used 567K, capacity 600K, committed 640K, reserved 1048576K
}
Event: 443,270 GC heap before
{Heap before GC invocations=838 (full 0):
 PSYoungGen      total 3207680K, used 3207232K [0x00000006ef500000, 0x00000007bd000000, 0x00000007c0000000)
  eden space 3207168K, 100% used [0x00000006ef500000,0x00000007b3100000,0x00000007b3100000)
  from space 512K, 12% used [0x00000007b3100000,0x00000007b3110000,0x00000007b3180000)
  to   space 512K, 0% used [0x00000007bcf80000,0x00000007bcf80000,0x00000007bd000000)
 ParOldGen       total 429056K, used 7842K [0x000000054de00000, 0x0000000568100000, 0x00000006ef500000)
  object space 429056K, 1% used [0x000000054de00000,0x000000054e5a89c0,0x0000000568100000)
 Metaspace       used 5604K, capacity 5708K, committed 5760K, reserved 1056768K
  class space    used 567K, capacity 600K, committed 640K, reserved 1048576K

Deoptimization events (10 events):
Event: 23,721 Thread 0x00002ad14c009800 Uncommon trap: reason=unstable_if action=reinterpret pc=0x00002ad1503e9394 method=sun.misc.FloatingDecimal$BinaryToASCIIBuffer.getChars([C)I @ 56
Event: 24,358 Thread 0x00002ad14c009800 Uncommon trap: reason=unstable_if action=reinterpret pc=0x00002ad1502c8a18 method=java.util.HashMap.putVal(ILjava/lang/Object;Ljava/lang/Object;ZZ)Ljava/lang/Object; @ 109
Event: 25,726 Thread 0x00002ad14c009800 Uncommon trap: reason=class_check action=maybe_recompile pc=0x00002ad1503a68a0 method=sun.nio.cs.StreamEncoder.writeBytes()V @ 120
Event: 37,132 Thread 0x00002ad14c009800 Uncommon trap: reason=unstable_if action=reinterpret pc=0x00002ad15046afc8 method=be.kuleuven.kahosl.hyperheuristic.GIHH.solve(LAbstractClasses/ProblemDomain;)V @ 1294
Event: 43,507 Thread 0x00002ad14c009800 Uncommon trap: reason=unstable_if action=reinterpret pc=0x00002ad150242120 method=java.util.HashMap.resize()[Ljava/util/HashMap$Node; @ 206
Event: 75,985 Thread 0x00002ad14c009800 Uncommon trap: reason=unstable_if action=reinterpret pc=0x00002ad15033fa60 method=AbstractClasses.HyperHeuristic.hasTimeExpired()Z @ 57
Event: 126,854 Thread 0x00002ad14c009800 Uncommon trap: reason=unstable_if action=reinterpret pc=0x00002ad1504daa6c method=be.kuleuven.kahosl.hyperheuristic.GIHH.solve(LAbstractClasses/ProblemDomain;)V @ 498
Event: 323,551 Thread 0x00002ad14c009800 Uncommon trap: reason=unstable_if action=reinterpret pc=0x00002ad1502ea84c method=java.util.Random.nextInt(I)I @ 58
Event: 399,121 Thread 0x00002ad14c009800 Uncommon trap: reason=unstable_if action=reinterpret pc=0x00002ad150369ecc method=java.util.Random.nextInt(I)I @ 58
Event: 426,008 Thread 0x00002ad14c009800 Uncommon trap: reason=unstable_if action=reinterpret pc=0x00002ad15034ded4 method=be.kuleuven.kahosl.acceptance.AdaptiveIterationLimitedListBasedTA.updateListLength()V @ 57

Internal exceptions (8 events):
Event: 0,047 Thread 0x00002ad14c009800 Exception <a 'java/lang/NoSuchMethodError': Method sun.misc.Unsafe.defineClass(Ljava/lang/String;[BII)Ljava/lang/Class; name or signature does not match> (0x00000006ef507cc0) thrown at [/build/openjdk-8-6lTAoN/openjdk-8-8u91-b14/src/hotspot/src/share/vm/p
Event: 0,047 Thread 0x00002ad14c009800 Exception <a 'java/lang/NoSuchMethodError': Method sun.misc.Unsafe.prefetchRead(Ljava/lang/Object;J)V name or signature does not match> (0x00000006ef507fa8) thrown at [/build/openjdk-8-6lTAoN/openjdk-8-8u91-b14/src/hotspot/src/share/vm/prims/jni.cpp, line
Event: 0,135 Thread 0x00002ad14c009800 Exception <a 'java/security/PrivilegedActionException'> (0x00000006ef57e878) thrown at [/build/openjdk-8-6lTAoN/openjdk-8-8u91-b14/src/hotspot/src/share/vm/prims/jvm.cpp, line 1386]
Event: 0,135 Thread 0x00002ad14c009800 Exception <a 'java/security/PrivilegedActionException'> (0x00000006ef57ea88) thrown at [/build/openjdk-8-6lTAoN/openjdk-8-8u91-b14/src/hotspot/src/share/vm/prims/jvm.cpp, line 1386]
Event: 0,136 Thread 0x00002ad14c009800 Exception <a 'java/security/PrivilegedActionException'> (0x00000006ef580c70) thrown at [/build/openjdk-8-6lTAoN/openjdk-8-8u91-b14/src/hotspot/src/share/vm/prims/jvm.cpp, line 1386]
Event: 0,136 Thread 0x00002ad14c009800 Exception <a 'java/security/PrivilegedActionException'> (0x00000006ef580e80) thrown at [/build/openjdk-8-6lTAoN/openjdk-8-8u91-b14/src/hotspot/src/share/vm/prims/jvm.cpp, line 1386]
Event: 0,136 Thread 0x00002ad14c009800 Exception <a 'java/security/PrivilegedActionException'> (0x00000006ef581950) thrown at [/build/openjdk-8-6lTAoN/openjdk-8-8u91-b14/src/hotspot/src/share/vm/prims/jvm.cpp, line 1386]
Event: 0,136 Thread 0x00002ad14c009800 Exception <a 'java/security/PrivilegedActionException'> (0x00000006ef581b60) thrown at [/build/openjdk-8-6lTAoN/openjdk-8-8u91-b14/src/hotspot/src/share/vm/prims/jvm.cpp, line 1386]

Events (10 events):
Event: 433,261 Executing VM operation: ParallelGCFailedAllocation done
Event: 434,568 Executing VM operation: ParallelGCFailedAllocation
Event: 434,621 Executing VM operation: ParallelGCFailedAllocation done
Event: 436,200 Executing VM operation: ParallelGCFailedAllocation
Event: 436,214 Executing VM operation: ParallelGCFailedAllocation done
Event: 437,988 Executing VM operation: ParallelGCFailedAllocation
Event: 437,990 Executing VM operation: ParallelGCFailedAllocation done
Event: 440,032 Executing VM operation: ParallelGCFailedAllocation
Event: 440,034 Executing VM operation: ParallelGCFailedAllocation done
Event: 443,270 Executing VM operation: ParallelGCFailedAllocation


Dynamic libraries:
00400000-00401000 r-xp 00000000 08:01 1841162                            /usr/lib/jvm/java-8-openjdk-amd64/jre/bin/java
00600000-00601000 r--p 00000000 08:01 1841162                            /usr/lib/jvm/java-8-openjdk-amd64/jre/bin/java
00601000-00602000 rw-p 00001000 08:01 1841162                            /usr/lib/jvm/java-8-openjdk-amd64/jre/bin/java
02063000-02084000 rw-p 00000000 00:00 0                                  [heap]
54de00000-568100000 rw-p 00000000 00:00 0 
568100000-6ef500000 ---p 00000000 00:00 0 
6ef500000-7bd000000 rw-p 00000000 00:00 0 
7c0000000-7c00a0000 rw-p 00000000 00:00 0 
7c00a0000-800000000 ---p 00000000 00:00 0 
2ad1481f7000-2ad14821d000 r-xp 00000000 08:01 10748285                   /lib/x86_64-linux-gnu/ld-2.23.so
2ad14821d000-2ad14821f000 rw-p 00000000 00:00 0 
2ad14821f000-2ad148220000 ---p 00000000 00:00 0 
2ad148220000-2ad148221000 rw-p 00000000 00:00 0 
2ad148221000-2ad148229000 rw-s 00000000 08:01 10879013                   /tmp/hsperfdata_vdfontoura/6362
2ad148229000-2ad14822c000 r--s 0000f000 08:01 1839251                    /usr/lib/jvm/java-8-openjdk-amd64/jre/lib/ext/icedtea-sound.jar
2ad14822c000-2ad14822e000 r--s 00001000 08:01 1839258                    /usr/lib/jvm/java-8-openjdk-amd64/jre/lib/ext/dnsns.jar
2ad14822e000-2ad14822f000 r--s 00008000 08:01 1839256                    /usr/lib/jvm/java-8-openjdk-amd64/jre/lib/ext/sunec.jar
2ad14822f000-2ad148239000 r--s 00116000 08:01 1839257                    /usr/lib/jvm/java-8-openjdk-amd64/jre/lib/ext/localedata.jar
2ad148239000-2ad14823a000 r--s 00010000 08:01 1839252                    /usr/lib/jvm/java-8-openjdk-amd64/jre/lib/ext/zipfs.jar
2ad14823a000-2ad14823b000 r--s 0000a000 08:01 1839253                    /usr/lib/jvm/java-8-openjdk-amd64/jre/lib/ext/jaccess.jar
2ad14823b000-2ad14823c000 r--s 00002000 08:01 10879032                   /tmp/jar_cache6292014605181096508.tmp (deleted)
2ad14823c000-2ad148240000 rw-p 00000000 00:00 0 
2ad148240000-2ad148243000 ---p 00000000 00:00 0 
2ad148243000-2ad148405000 rw-p 00000000 00:00 0 
2ad148405000-2ad14840b000 r--s 0003a000 08:01 1839254                    /usr/lib/jvm/java-8-openjdk-amd64/jre/lib/ext/sunjce_provider.jar
2ad14840b000-2ad14840f000 r--s 00037000 08:01 1839260                    /usr/lib/jvm/java-8-openjdk-amd64/jre/lib/ext/sunpkcs11.jar
2ad14840f000-2ad148411000 r--s 013b5000 00:30 1123506                    /media/sharedDisk/vdfontoura/GIHH-Results/gihh.jar
2ad148411000-2ad148415000 r--s 00097000 08:01 1839240                    /usr/lib/jvm/java-8-openjdk-amd64/jre/lib/jsse.jar
2ad148415000-2ad148417000 r--s 0000f000 08:01 10879015                   /tmp/jar_cache259192809973687244.tmp (deleted)
2ad148417000-2ad14841b000 r--s 0002b000 08:01 10879016                   /tmp/jar_cache2887104563623281053.tmp (deleted)
2ad14841b000-2ad14841c000 r--s 0000c000 08:01 10879037                   /tmp/jar_cache2447207849820623913.tmp (deleted)
2ad14841c000-2ad14841d000 r--p 00025000 08:01 10748285                   /lib/x86_64-linux-gnu/ld-2.23.so
2ad14841d000-2ad14841e000 rw-p 00026000 08:01 10748285                   /lib/x86_64-linux-gnu/ld-2.23.so
2ad14841e000-2ad14841f000 rw-p 00000000 00:00 0 
2ad14841f000-2ad14842c000 r-xp 00000000 08:01 1838828                    /usr/lib/jvm/java-8-openjdk-amd64/jre/lib/amd64/jli/libjli.so
2ad14842c000-2ad14862c000 ---p 0000d000 08:01 1838828                    /usr/lib/jvm/java-8-openjdk-amd64/jre/lib/amd64/jli/libjli.so
2ad14862c000-2ad14862d000 r--p 0000d000 08:01 1838828                    /usr/lib/jvm/java-8-openjdk-amd64/jre/lib/amd64/jli/libjli.so
2ad14862d000-2ad14862e000 rw-p 0000e000 08:01 1838828                    /usr/lib/jvm/java-8-openjdk-amd64/jre/lib/amd64/jli/libjli.so
2ad14862e000-2ad1487ee000 r-xp 00000000 08:01 10748289                   /lib/x86_64-linux-gnu/libc-2.23.so
2ad1487ee000-2ad1489ed000 ---p 001c0000 08:01 10748289                   /lib/x86_64-linux-gnu/libc-2.23.so
2ad1489ed000-2ad1489f1000 r--p 001bf000 08:01 10748289                   /lib/x86_64-linux-gnu/libc-2.23.so
2ad1489f1000-2ad1489f3000 rw-p 001c3000 08:01 10748289                   /lib/x86_64-linux-gnu/libc-2.23.so
2ad1489f3000-2ad1489f7000 rw-p 00000000 00:00 0 
2ad1489f7000-2ad148a10000 r-xp 00000000 08:01 10752527                   /lib/x86_64-linux-gnu/libz.so.1.2.8
2ad148a10000-2ad148c0f000 ---p 00019000 08:01 10752527                   /lib/x86_64-linux-gnu/libz.so.1.2.8
2ad148c0f000-2ad148c10000 r--p 00018000 08:01 10752527                   /lib/x86_64-linux-gnu/libz.so.1.2.8
2ad148c10000-2ad148c11000 rw-p 00019000 08:01 10752527                   /lib/x86_64-linux-gnu/libz.so.1.2.8
2ad148c11000-2ad148c14000 r-xp 00000000 08:01 10748290                   /lib/x86_64-linux-gnu/libdl-2.23.so
2ad148c14000-2ad148e13000 ---p 00003000 08:01 10748290                   /lib/x86_64-linux-gnu/libdl-2.23.so
2ad148e13000-2ad148e14000 r--p 00002000 08:01 10748290                   /lib/x86_64-linux-gnu/libdl-2.23.so
2ad148e14000-2ad148e15000 rw-p 00003000 08:01 10748290                   /lib/x86_64-linux-gnu/libdl-2.23.so
2ad148e15000-2ad148e2d000 r-xp 00000000 08:01 10748288                   /lib/x86_64-linux-gnu/libpthread-2.23.so
2ad148e2d000-2ad14902c000 ---p 00018000 08:01 10748288                   /lib/x86_64-linux-gnu/libpthread-2.23.so
2ad14902c000-2ad14902d000 r--p 00017000 08:01 10748288                   /lib/x86_64-linux-gnu/libpthread-2.23.so
2ad14902d000-2ad14902e000 rw-p 00018000 08:01 10748288                   /lib/x86_64-linux-gnu/libpthread-2.23.so
2ad14902e000-2ad149032000 rw-p 00000000 00:00 0 
2ad149032000-2ad149c78000 r-xp 00000000 08:01 1839116                    /usr/lib/jvm/java-8-openjdk-amd64/jre/lib/amd64/server/libjvm.so
2ad149c78000-2ad149e77000 ---p 00c46000 08:01 1839116                    /usr/lib/jvm/java-8-openjdk-amd64/jre/lib/amd64/server/libjvm.so
2ad149e77000-2ad149f0a000 r--p 00c45000 08:01 1839116                    /usr/lib/jvm/java-8-openjdk-amd64/jre/lib/amd64/server/libjvm.so
2ad149f0a000-2ad149f32000 rw-p 00cd8000 08:01 1839116                    /usr/lib/jvm/java-8-openjdk-amd64/jre/lib/amd64/server/libjvm.so
2ad149f32000-2ad149f62000 rw-p 00000000 00:00 0 
2ad149f62000-2ad14a0d4000 r-xp 00000000 08:01 1574839                    /usr/lib/x86_64-linux-gnu/libstdc++.so.6.0.21
2ad14a0d4000-2ad14a2d4000 ---p 00172000 08:01 1574839                    /usr/lib/x86_64-linux-gnu/libstdc++.so.6.0.21
2ad14a2d4000-2ad14a2de000 r--p 00172000 08:01 1574839                    /usr/lib/x86_64-linux-gnu/libstdc++.so.6.0.21
2ad14a2de000-2ad14a2e0000 rw-p 0017c000 08:01 1574839                    /usr/lib/x86_64-linux-gnu/libstdc++.so.6.0.21
2ad14a2e0000-2ad14a2e4000 rw-p 00000000 00:00 0 
2ad14a2e4000-2ad14a3ec000 r-xp 00000000 08:01 10748281                   /lib/x86_64-linux-gnu/libm-2.23.so
2ad14a3ec000-2ad14a5eb000 ---p 00108000 08:01 10748281                   /lib/x86_64-linux-gnu/libm-2.23.so
2ad14a5eb000-2ad14a5ec000 r--p 00107000 08:01 10748281                   /lib/x86_64-linux-gnu/libm-2.23.so
2ad14a5ec000-2ad14a5ed000 rw-p 00108000 08:01 10748281                   /lib/x86_64-linux-gnu/libm-2.23.so
2ad14a5ed000-2ad14a603000 r-xp 00000000 08:01 10747962                   /lib/x86_64-linux-gnu/libgcc_s.so.1
2ad14a603000-2ad14a802000 ---p 00016000 08:01 10747962                   /lib/x86_64-linux-gnu/libgcc_s.so.1
2ad14a802000-2ad14a803000 rw-p 00015000 08:01 10747962                   /lib/x86_64-linux-gnu/libgcc_s.so.1
2ad14a803000-2ad14a80a000 r-xp 00000000 08:01 10748284                   /lib/x86_64-linux-gnu/librt-2.23.so
2ad14a80a000-2ad14aa09000 ---p 00007000 08:01 10748284                   /lib/x86_64-linux-gnu/librt-2.23.so
2ad14aa09000-2ad14aa0a000 r--p 00006000 08:01 10748284                   /lib/x86_64-linux-gnu/librt-2.23.so
2ad14aa0a000-2ad14aa0b000 rw-p 00007000 08:01 10748284                   /lib/x86_64-linux-gnu/librt-2.23.so
2ad14aa0b000-2ad14aa1a000 r-xp 00000000 08:01 1838836                    /usr/lib/jvm/java-8-openjdk-amd64/jre/lib/amd64/libverify.so
2ad14aa1a000-2ad14ac19000 ---p 0000f000 08:01 1838836                    /usr/lib/jvm/java-8-openjdk-amd64/jre/lib/amd64/libverify.so
2ad14ac19000-2ad14ac1b000 r--p 0000e000 08:01 1838836                    /usr/lib/jvm/java-8-openjdk-amd64/jre/lib/amd64/libverify.so
2ad14ac1b000-2ad14ac1c000 rw-p 00010000 08:01 1838836                    /usr/lib/jvm/java-8-openjdk-amd64/jre/lib/amd64/libverify.so
2ad14ac1c000-2ad14ac49000 r-xp 00000000 08:01 1838848                    /usr/lib/jvm/java-8-openjdk-amd64/jre/lib/amd64/libjava.so
2ad14ac49000-2ad14ae48000 ---p 0002d000 08:01 1838848                    /usr/lib/jvm/java-8-openjdk-amd64/jre/lib/amd64/libjava.so
2ad14ae48000-2ad14ae49000 r--p 0002c000 08:01 1838848                    /usr/lib/jvm/java-8-openjdk-amd64/jre/lib/amd64/libjava.so
2ad14ae49000-2ad14ae4b000 rw-p 0002d000 08:01 1838848                    /usr/lib/jvm/java-8-openjdk-amd64/jre/lib/amd64/libjava.so
2ad14ae4b000-2ad14ae53000 r-xp 00000000 08:01 10748268                   /lib/x86_64-linux-gnu/libnss_compat-2.23.so
2ad14ae53000-2ad14b052000 ---p 00008000 08:01 10748268                   /lib/x86_64-linux-gnu/libnss_compat-2.23.so
2ad14b052000-2ad14b053000 r--p 00007000 08:01 10748268                   /lib/x86_64-linux-gnu/libnss_compat-2.23.so
2ad14b053000-2ad14b054000 rw-p 00008000 08:01 10748268                   /lib/x86_64-linux-gnu/libnss_compat-2.23.so
2ad14b054000-2ad14b06a000 r-xp 00000000 08:01 10748270                   /lib/x86_64-linux-gnu/libnsl-2.23.so
2ad14b06a000-2ad14b269000 ---p 00016000 08:01 10748270                   /lib/x86_64-linux-gnu/libnsl-2.23.so
2ad14b269000-2ad14b26a000 r--p 00015000 08:01 10748270                   /lib/x86_64-linux-gnu/libnsl-2.23.so
2ad14b26a000-2ad14b26b000 rw-p 00016000 08:01 10748270                   /lib/x86_64-linux-gnu/libnsl-2.23.so
2ad14b26b000-2ad14b26d000 rw-p 00000000 00:00 0 
2ad14b26d000-2ad14b278000 r-xp 00000000 08:01 10748272                   /lib/x86_64-linux-gnu/libnss_nis-2.23.so
2ad14b278000-2ad14b477000 ---p 0000b000 08:01 10748272                   /lib/x86_64-linux-gnu/libnss_nis-2.23.so
2ad14b477000-2ad14b478000 r--p 0000a000 08:01 10748272                   /lib/x86_64-linux-gnu/libnss_nis-2.23.so
2ad14b478000-2ad14b479000 rw-p 0000b000 08:01 10748272                   /lib/x86_64-linux-gnu/libnss_nis-2.23.so
2ad14b479000-2ad14b484000 r-xp 00000000 08:01 10748275                   /lib/x86_64-linux-gnu/libnss_files-2.23.so
2ad14b484000-2ad14b683000 ---p 0000b000 08:01 10748275                   /lib/x86_64-linux-gnu/libnss_files-2.23.so
2ad14b683000-2ad14b684000 r--p 0000a000 08:01 10748275                   /lib/x86_64-linux-gnu/libnss_files-2.23.so
2ad14b684000-2ad14b685000 rw-p 0000b000 08:01 10748275                   /lib/x86_64-linux-gnu/libnss_files-2.23.so
2ad14b685000-2ad14b68b000 rw-p 00000000 00:00 0 
2ad14b68b000-2ad14b693000 r-xp 00000000 08:01 1839161                    /usr/lib/jvm/java-8-openjdk-amd64/jre/lib/amd64/libzip.so
2ad14b693000-2ad14b892000 ---p 00008000 08:01 1839161                    /usr/lib/jvm/java-8-openjdk-amd64/jre/lib/amd64/libzip.so
2ad14b892000-2ad14b893000 r--p 00007000 08:01 1839161                    /usr/lib/jvm/java-8-openjdk-amd64/jre/lib/amd64/libzip.so
2ad14b893000-2ad14b894000 rw-p 00008000 08:01 1839161                    /usr/lib/jvm/java-8-openjdk-amd64/jre/lib/amd64/libzip.so
2ad14b894000-2ad14b8a9000 rw-p 00000000 00:00 0 
2ad14b8a9000-2ad14bc54000 ---p 00000000 00:00 0 
2ad14bc54000-2ad14bc55000 ---p 00000000 00:00 0 
2ad14bc55000-2ad14bd55000 rw-p 00000000 00:00 0 
2ad14bd55000-2ad14bd56000 ---p 00000000 00:00 0 
2ad14bd56000-2ad14be56000 rw-p 00000000 00:00 0 
2ad14be56000-2ad14be57000 ---p 00000000 00:00 0 
2ad14be57000-2ad14bfff000 rw-p 00000000 00:00 0 
2ad14c000000-2ad14c7c0000 rw-p 00000000 00:00 0 
2ad14c7c0000-2ad150000000 ---p 00000000 00:00 0 
2ad150000000-2ad150530000 rwxp 00000000 00:00 0 
2ad150530000-2ad15f000000 ---p 00000000 00:00 0 
2ad15f000000-2ad15f0d2000 rw-p 00000000 00:00 0 
2ad15f0d2000-2ad15fd0b000 ---p 00000000 00:00 0 
2ad15fd0b000-2ad160379000 rw-p 00000000 00:00 0 
2ad160379000-2ad160391000 ---p 00000000 00:00 0 
2ad160391000-2ad160464000 rw-p 00000000 00:00 0 
2ad160464000-2ad16109e000 ---p 00000000 00:00 0 
2ad16109e000-2ad16109f000 ---p 00000000 00:00 0 
2ad16109f000-2ad16119f000 rw-p 00000000 00:00 0 
2ad16119f000-2ad1611a0000 ---p 00000000 00:00 0 
2ad1611a0000-2ad1612a0000 rw-p 00000000 00:00 0 
2ad1612a0000-2ad1612a1000 ---p 00000000 00:00 0 
2ad1612a1000-2ad1613a1000 rw-p 00000000 00:00 0 
2ad1613a1000-2ad1613a2000 ---p 00000000 00:00 0 
2ad1613a2000-2ad1614a2000 rw-p 00000000 00:00 0 
2ad1614a2000-2ad1614a3000 ---p 00000000 00:00 0 
2ad1614a3000-2ad1615a3000 rw-p 00000000 00:00 0 
2ad1615a3000-2ad1615a4000 ---p 00000000 00:00 0 
2ad1615a4000-2ad1616a4000 rw-p 00000000 00:00 0 
2ad1616a4000-2ad1616a5000 ---p 00000000 00:00 0 
2ad1616a5000-2ad163036000 rw-p 00000000 00:00 0 
2ad163036000-2ad163336000 ---p 00000000 00:00 0 
2ad163336000-2ad1633ac000 rw-p 00000000 00:00 0 
2ad1633ac000-2ad163579000 r--s 03be7000 08:01 1839250                    /usr/lib/jvm/java-8-openjdk-amd64/jre/lib/rt.jar
2ad163579000-2ad163f83000 rw-p 00000000 00:00 0 
2ad163f83000-2ad163f9f000 r--s 00393000 08:01 1839255                    /usr/lib/jvm/java-8-openjdk-amd64/jre/lib/ext/cldrdata.jar
2ad163f9f000-2ad163fba000 r--s 001d7000 08:01 1839259                    /usr/lib/jvm/java-8-openjdk-amd64/jre/lib/ext/nashorn.jar
2ad163fba000-2ad163fbf000 r--s 0002d000 08:01 10879019                   /tmp/jar_cache7985864957714793816.tmp (deleted)
2ad163fbf000-2ad163fc8000 r--s 0006d000 08:01 10879022                   /tmp/jar_cache6575696644356456980.tmp (deleted)
2ad163fc8000-2ad163fca000 r--s 00003000 08:01 10879028                   /tmp/jar_cache4850483186985405121.tmp (deleted)
2ad163fca000-2ad163fd5000 r--s 0005f000 08:01 10879034                   /tmp/jar_cache3748453448114243088.tmp (deleted)
2ad164000000-2ad164021000 rw-p 00000000 00:00 0 
2ad164021000-2ad168000000 ---p 00000000 00:00 0 
2ad168000000-2ad169717000 rw-p 00000000 00:00 0 
2ad169717000-2ad169718000 ---p 00000000 00:00 0 
2ad169718000-2ad169818000 rw-p 00000000 00:00 0 
2ad169818000-2ad16981b000 ---p 00000000 00:00 0 
2ad16981b000-2ad169919000 rw-p 00000000 00:00 0 
2ad169919000-2ad16991c000 ---p 00000000 00:00 0 
2ad16991c000-2ad169a1a000 rw-p 00000000 00:00 0 
2ad169a1a000-2ad169cf4000 r--p 00000000 08:01 1584434                    /usr/lib/locale/locale-archive
2ad169cf4000-2ad169cf7000 ---p 00000000 00:00 0 
2ad169cf7000-2ad169df5000 rw-p 00000000 00:00 0 
2ad169df5000-2ad169df8000 ---p 00000000 00:00 0 
2ad169df8000-2ad169ef6000 rw-p 00000000 00:00 0 
2ad169ef6000-2ad169ef9000 ---p 00000000 00:00 0 
2ad169ef9000-2ad169ff7000 rw-p 00000000 00:00 0 
2ad169ff7000-2ad169ffa000 ---p 00000000 00:00 0 
2ad169ffa000-2ad16a0f8000 rw-p 00000000 00:00 0 
2ad16a0f8000-2ad16a0fb000 ---p 00000000 00:00 0 
2ad16a0fb000-2ad16a1f9000 rw-p 00000000 00:00 0 
2ad16a1f9000-2ad16a1fc000 ---p 00000000 00:00 0 
2ad16a1fc000-2ad16a2fa000 rw-p 00000000 00:00 0 
2ad16a2fa000-2ad16a2fb000 ---p 00000000 00:00 0 
2ad16a2fb000-2ad16a3fb000 rw-p 00000000 00:00 0 
2ad16a3fb000-2ad16a40c000 r-xp 00000000 08:01 1838839                    /usr/lib/jvm/java-8-openjdk-amd64/jre/lib/amd64/libnio.so
2ad16a40c000-2ad16a60c000 ---p 00011000 08:01 1838839                    /usr/lib/jvm/java-8-openjdk-amd64/jre/lib/amd64/libnio.so
2ad16a60c000-2ad16a60d000 r--p 00011000 08:01 1838839                    /usr/lib/jvm/java-8-openjdk-amd64/jre/lib/amd64/libnio.so
2ad16a60d000-2ad16a60e000 rw-p 00012000 08:01 1838839                    /usr/lib/jvm/java-8-openjdk-amd64/jre/lib/amd64/libnio.so
2ad16a60e000-2ad16a625000 r-xp 00000000 08:01 1838842                    /usr/lib/jvm/java-8-openjdk-amd64/jre/lib/amd64/libnet.so
2ad16a625000-2ad16a824000 ---p 00017000 08:01 1838842                    /usr/lib/jvm/java-8-openjdk-amd64/jre/lib/amd64/libnet.so
2ad16a824000-2ad16a825000 r--p 00016000 08:01 1838842                    /usr/lib/jvm/java-8-openjdk-amd64/jre/lib/amd64/libnet.so
2ad16a825000-2ad16a826000 rw-p 00017000 08:01 1838842                    /usr/lib/jvm/java-8-openjdk-amd64/jre/lib/amd64/libnet.so
2ad16a826000-2ad16a862000 r--s 012b4000 08:01 10879040                   /tmp/jar_cache5924298287736212823.tmp (deleted)
2ad16a862000-2ad16a86b000 r-xp 00000000 08:01 1838840                    /usr/lib/jvm/java-8-openjdk-amd64/jre/lib/amd64/libmanagement.so
2ad16a86b000-2ad16aa6a000 ---p 00009000 08:01 1838840                    /usr/lib/jvm/java-8-openjdk-amd64/jre/lib/amd64/libmanagement.so
2ad16aa6a000-2ad16aa6b000 r--p 00008000 08:01 1838840                    /usr/lib/jvm/java-8-openjdk-amd64/jre/lib/amd64/libmanagement.so
2ad16aa6b000-2ad16aa6c000 rw-p 00009000 08:01 1838840                    /usr/lib/jvm/java-8-openjdk-amd64/jre/lib/amd64/libmanagement.so
2ad16c000000-2ad16c021000 rw-p 00000000 00:00 0 
2ad16c021000-2ad170000000 ---p 00000000 00:00 0 
2ad170000000-2ad170021000 rw-p 00000000 00:00 0 
2ad170021000-2ad174000000 ---p 00000000 00:00 0 
2ad174000000-2ad174021000 rw-p 00000000 00:00 0 
2ad174021000-2ad178000000 ---p 00000000 00:00 0 
2ad178000000-2ad178021000 rw-p 00000000 00:00 0 
2ad178021000-2ad17c000000 ---p 00000000 00:00 0 
2ad17c000000-2ad17c021000 rw-p 00000000 00:00 0 
2ad17c021000-2ad180000000 ---p 00000000 00:00 0 
2ad180000000-2ad180021000 rw-p 00000000 00:00 0 
2ad180021000-2ad184000000 ---p 00000000 00:00 0 
2ad184000000-2ad184021000 rw-p 00000000 00:00 0 
2ad184021000-2ad188000000 ---p 00000000 00:00 0 
2ad188000000-2ad188021000 rw-p 00000000 00:00 0 
2ad188021000-2ad18c000000 ---p 00000000 00:00 0 
2ad18c000000-2ad18c021000 rw-p 00000000 00:00 0 
2ad18c021000-2ad190000000 ---p 00000000 00:00 0 
2ad190000000-2ad1a3910000 rw-p 00000000 00:00 0 
2ad1a4000000-2ad1a4021000 rw-p 00000000 00:00 0 
2ad1a4021000-2ad1a8000000 ---p 00000000 00:00 0 
2ad1a8000000-2ad1a8021000 rw-p 00000000 00:00 0 
2ad1a8021000-2ad1ac000000 ---p 00000000 00:00 0 
2ad1ac000000-2ad1ac021000 rw-p 00000000 00:00 0 
2ad1ac021000-2ad1b0000000 ---p 00000000 00:00 0 
2ad1b0000000-2ad1b0021000 rw-p 00000000 00:00 0 
2ad1b0021000-2ad1b4000000 ---p 00000000 00:00 0 
2ad1b4000000-2ad1b590a000 rw-p 00000000 00:00 0 
2ad1b590a000-2ad1b8000000 ---p 00000000 00:00 0 
2ad1b8000000-2ad1b8748000 rw-p 00000000 00:00 0 
2ad1b8748000-2ad1bc000000 ---p 00000000 00:00 0 
2ad1bc000000-2ad1bdac4000 rw-p 00000000 00:00 0 
2ad1bdac4000-2ad1c0000000 ---p 00000000 00:00 0 
2ad1c0000000-2ad1c0469000 rw-p 00000000 00:00 0 
2ad1c0469000-2ad1c4000000 ---p 00000000 00:00 0 
2ad1c4000000-2ad1c4021000 rw-p 00000000 00:00 0 
2ad1c4021000-2ad1c8000000 ---p 00000000 00:00 0 
2ad1c8000000-2ad1c8021000 rw-p 00000000 00:00 0 
2ad1c8021000-2ad1cc000000 ---p 00000000 00:00 0 
7fff85d7a000-7fff85d9b000 rw-p 00000000 00:00 0                          [stack]
7fff85dac000-7fff85dae000 r--p 00000000 00:00 0                          [vvar]
7fff85dae000-7fff85db0000 r-xp 00000000 00:00 0                          [vdso]
ffffffffff600000-ffffffffff601000 r-xp 00000000 00:00 0                  [vsyscall]

VM Arguments:
java_command: gihh.jar 10 1 7200000
java_class_path (initial): gihh.jar
Launcher Type: SUN_STANDARD

Environment Variables:
PATH=/tmp/103950.1.main.q:/usr/local/bin:/bin:/usr/bin:/snap/bin
SHELL=/bin/bash

Signal Handlers:
SIGSEGV: [libjvm.so+0xa5e090], sa_mask[0]=11111111011111111101111111111110, sa_flags=SA_RESTART|SA_SIGINFO
SIGBUS: [libjvm.so+0xa5e090], sa_mask[0]=11111111011111111101111111111110, sa_flags=SA_RESTART|SA_SIGINFO
SIGFPE: [libjvm.so+0x8a9800], sa_mask[0]=11111111011111111101111111111110, sa_flags=SA_RESTART|SA_SIGINFO
SIGPIPE: [libjvm.so+0x8a9800], sa_mask[0]=11111111011111111101111111111110, sa_flags=SA_RESTART|SA_SIGINFO
SIGXFSZ: [libjvm.so+0x8a9800], sa_mask[0]=11111111011111111101111111111110, sa_flags=SA_RESTART|SA_SIGINFO
SIGILL: [libjvm.so+0x8a9800], sa_mask[0]=11111111011111111101111111111110, sa_flags=SA_RESTART|SA_SIGINFO
SIGUSR1: SIG_DFL, sa_mask[0]=00000000000000000000000000000000, sa_flags=none
SIGUSR2: [libjvm.so+0x8a96b0], sa_mask[0]=00000000000000000000000000000000, sa_flags=SA_RESTART|SA_SIGINFO
SIGHUP: [libjvm.so+0x8a9b80], sa_mask[0]=11111111011111111101111111111110, sa_flags=SA_RESTART|SA_SIGINFO
SIGINT: [libjvm.so+0x8a9b80], sa_mask[0]=11111111011111111101111111111110, sa_flags=SA_RESTART|SA_SIGINFO
SIGTERM: [libjvm.so+0x8a9b80], sa_mask[0]=11111111011111111101111111111110, sa_flags=SA_RESTART|SA_SIGINFO
SIGQUIT: [libjvm.so+0x8a9b80], sa_mask[0]=11111111011111111101111111111110, sa_flags=SA_RESTART|SA_SIGINFO


---------------  S Y S T E M  ---------------

OS:DISTRIB_ID=Ubuntu
DISTRIB_RELEASE=16.04
DISTRIB_CODENAME=xenial
DISTRIB_DESCRIPTION="Ubuntu 16.04 LTS"

uname:Linux 4.4.0-22-generic #40-Ubuntu SMP Thu May 12 22:03:46 UTC 2016 x86_64
libc:glibc 2.23 NPTL 2.23 
rlimit: STACK infinity, CORE infinity, NPROC 160115, NOFILE 4096, AS infinity
load average:11,14 11,25 11,31

/proc/meminfo:
MemTotal:       41028468 kB
MemFree:          206004 kB
MemAvailable:     189704 kB
Buffers:             884 kB
Cached:            19500 kB
SwapCached:            0 kB
Active:         40500260 kB
Inactive:          16336 kB
Active(anon):   40497644 kB
Inactive(anon):    12020 kB
Active(file):       2616 kB
Inactive(file):     4316 kB
Unevictable:           0 kB
Mlocked:               0 kB
SwapTotal:             0 kB
SwapFree:              0 kB
Dirty:               136 kB
Writeback:           204 kB
AnonPages:      40496600 kB
Mapped:            10892 kB
Shmem:             13144 kB
Slab:              63248 kB
SReclaimable:      24396 kB
SUnreclaim:        38852 kB
KernelStack:        9936 kB
PageTables:        96292 kB
NFS_Unstable:          0 kB
Bounce:                0 kB
WritebackTmp:          0 kB
CommitLimit:    20514232 kB
Committed_AS:   50593176 kB
VmallocTotal:   34359738367 kB
VmallocUsed:           0 kB
VmallocChunk:          0 kB
HardwareCorrupted:     0 kB
AnonHugePages:  38805504 kB
CmaTotal:              0 kB
CmaFree:               0 kB
HugePages_Total:       0
HugePages_Free:        0
HugePages_Rsvd:        0
HugePages_Surp:        0
Hugepagesize:       2048 kB
DirectMap4k:       96492 kB
DirectMap2M:     2871296 kB
DirectMap1G:    40894464 kB


CPU:total 12 (6 cores per cpu, 2 threads per core) family 6 model 63 stepping 2, cmov, cx8, fxsr, mmx, sse, sse2, sse3, ssse3, sse4.1, sse4.2, popcnt, avx, avx2, aes, clmul, erms, lzcnt, ht, tsc, tscinvbit, bmi1, bmi2

/proc/cpuinfo:
processor	: 0
vendor_id	: GenuineIntel
cpu family	: 6
model		: 63
model name	: Intel(R) Core(TM) i7-5930K CPU @ 3.50GHz
stepping	: 2
microcode	: 0x29
cpu MHz		: 3599.941
cache size	: 15360 KB
physical id	: 0
siblings	: 12
core id		: 0
cpu cores	: 6
apicid		: 0
initial apicid	: 0
fpu		: yes
fpu_exception	: yes
cpuid level	: 15
wp		: yes
flags		: fpu vme de pse tsc msr pae mce cx8 apic sep mtrr pge mca cmov pat pse36 clflush dts acpi mmx fxsr sse sse2 ss ht tm pbe syscall nx pdpe1gb rdtscp lm constant_tsc arch_perfmon pebs bts rep_good nopl xtopology nonstop_tsc aperfmperf eagerfpu pni pclmulqdq dtes64 monitor ds_cpl vmx est tm2 ssse3 sdbg fma cx16 xtpr pdcm pcid dca sse4_1 sse4_2 x2apic movbe popcnt tsc_deadline_timer aes xsave avx f16c rdrand lahf_lm abm epb tpr_shadow vnmi flexpriority ept vpid fsgsbase tsc_adjust bmi1 avx2 smep bmi2 erms invpcid cqm xsaveopt cqm_llc cqm_occup_llc dtherm ida arat pln pts
bugs		:
bogomips	: 6999.50
clflush size	: 64
cache_alignment	: 64
address sizes	: 46 bits physical, 48 bits virtual
power management:

processor	: 1
vendor_id	: GenuineIntel
cpu family	: 6
model		: 63
model name	: Intel(R) Core(TM) i7-5930K CPU @ 3.50GHz
stepping	: 2
microcode	: 0x29
cpu MHz		: 3599.941
cache size	: 15360 KB
physical id	: 0
siblings	: 12
core id		: 1
cpu cores	: 6
apicid		: 2
initial apicid	: 2
fpu		: yes
fpu_exception	: yes
cpuid level	: 15
wp		: yes
flags		: fpu vme de pse tsc msr pae mce cx8 apic sep mtrr pge mca cmov pat pse36 clflush dts acpi mmx fxsr sse sse2 ss ht tm pbe syscall nx pdpe1gb rdtscp lm constant_tsc arch_perfmon pebs bts rep_good nopl xtopology nonstop_tsc aperfmperf eagerfpu pni pclmulqdq dtes64 monitor ds_cpl vmx est tm2 ssse3 sdbg fma cx16 xtpr pdcm pcid dca sse4_1 sse4_2 x2apic movbe popcnt tsc_deadline_timer aes xsave avx f16c rdrand lahf_lm abm epb tpr_shadow vnmi flexpriority ept vpid fsgsbase tsc_adjust bmi1 avx2 smep bmi2 erms invpcid cqm xsaveopt cqm_llc cqm_occup_llc dtherm ida arat pln pts
bugs		:
bogomips	: 6999.50
clflush size	: 64
cache_alignment	: 64
address sizes	: 46 bits physical, 48 bits virtual
power management:

processor	: 2
vendor_id	: GenuineIntel
cpu family	: 6
model		: 63
model name	: Intel(R) Core(TM) i7-5930K CPU @ 3.50GHz
stepping	: 2
microcode	: 0x29
cpu MHz		: 3599.941
cache size	: 15360 KB
physical id	: 0
siblings	: 12
core id		: 2
cpu cores	: 6
apicid		: 4
initial apicid	: 4
fpu		: yes
fpu_exception	: yes
cpuid level	: 15
wp		: yes
flags		: fpu vme de pse tsc msr pae mce cx8 apic sep mtrr pge mca cmov pat pse36 clflush dts acpi mmx fxsr sse sse2 ss ht tm pbe syscall nx pdpe1gb rdtscp lm constant_tsc arch_perfmon pebs bts rep_good nopl xtopology nonstop_tsc aperfmperf eagerfpu pni pclmulqdq dtes64 monitor ds_cpl vmx est tm2 ssse3 sdbg fma cx16 xtpr pdcm pcid dca sse4_1 sse4_2 x2apic movbe popcnt tsc_deadline_timer aes xsave avx f16c rdrand lahf_lm abm epb tpr_shadow vnmi flexpriority ept vpid fsgsbase tsc_adjust bmi1 avx2 smep bmi2 erms invpcid cqm xsaveopt cqm_llc cqm_occup_llc dtherm ida arat pln pts
bugs		:
bogomips	: 6999.50
clflush size	: 64
cache_alignment	: 64
address sizes	: 46 bits physical, 48 bits virtual
power management:

processor	: 3
vendor_id	: GenuineIntel
cpu family	: 6
model		: 63
model name	: Intel(R) Core(TM) i7-5930K CPU @ 3.50GHz
stepping	: 2
microcode	: 0x29
cpu MHz		: 3599.941
cache size	: 15360 KB
physical id	: 0
siblings	: 12
core id		: 3
cpu cores	: 6
apicid		: 6
initial apicid	: 6
fpu		: yes
fpu_exception	: yes
cpuid level	: 15
wp		: yes
flags		: fpu vme de pse tsc msr pae mce cx8 apic sep mtrr pge mca cmov pat pse36 clflush dts acpi mmx fxsr sse sse2 ss ht tm pbe syscall nx pdpe1gb rdtscp lm constant_tsc arch_perfmon pebs bts rep_good nopl xtopology nonstop_tsc aperfmperf eagerfpu pni pclmulqdq dtes64 monitor ds_cpl vmx est tm2 ssse3 sdbg fma cx16 xtpr pdcm pcid dca sse4_1 sse4_2 x2apic movbe popcnt tsc_deadline_timer aes xsave avx f16c rdrand lahf_lm abm epb tpr_shadow vnmi flexpriority ept vpid fsgsbase tsc_adjust bmi1 avx2 smep bmi2 erms invpcid cqm xsaveopt cqm_llc cqm_occup_llc dtherm ida arat pln pts
bugs		:
bogomips	: 6999.50
clflush size	: 64
cache_alignment	: 64
address sizes	: 46 bits physical, 48 bits virtual
power management:

processor	: 4
vendor_id	: GenuineIntel
cpu family	: 6
model		: 63
model name	: Intel(R) Core(TM) i7-5930K CPU @ 3.50GHz
stepping	: 2
microcode	: 0x29
cpu MHz		: 3599.941
cache size	: 15360 KB
physical id	: 0
siblings	: 12
core id		: 4
cpu cores	: 6
apicid		: 8
initial apicid	: 8
fpu		: yes
fpu_exception	: yes
cpuid level	: 15
wp		: yes
flags		: fpu vme de pse tsc msr pae mce cx8 apic sep mtrr pge mca cmov pat pse36 clflush dts acpi mmx fxsr sse sse2 ss ht tm pbe syscall nx pdpe1gb rdtscp lm constant_tsc arch_perfmon pebs bts rep_good nopl xtopology nonstop_tsc aperfmperf eagerfpu pni pclmulqdq dtes64 monitor ds_cpl vmx est tm2 ssse3 sdbg fma cx16 xtpr pdcm pcid dca sse4_1 sse4_2 x2apic movbe popcnt tsc_deadline_timer aes xsave avx f16c rdrand lahf_lm abm epb tpr_shadow vnmi flexpriority ept vpid fsgsbase tsc_adjust bmi1 avx2 smep bmi2 erms invpcid cqm xsaveopt cqm_llc cqm_occup_llc dtherm ida arat pln pts
bugs		:
bogomips	: 6999.50
clflush size	: 64
cache_alignment	: 64
address sizes	: 46 bits physical, 48 bits virtual
power management:

processor	: 5
vendor_id	: GenuineIntel
cpu family	: 6
model		: 63
model name	: Intel(R) Core(TM) i7-5930K CPU @ 3.50GHz
stepping	: 2
microcode	: 0x29
cpu MHz		: 3599.941
cache size	: 15360 KB
physical id	: 0
siblings	: 12
core id		: 5
cpu cores	: 6
apicid		: 10
initial apicid	: 10
fpu		: yes
fpu_exception	: yes
cpuid level	: 15
wp		: yes
flags		: fpu vme de pse tsc msr pae mce cx8 apic sep mtrr pge mca cmov pat pse36 clflush dts acpi mmx fxsr sse sse2 ss ht tm pbe syscall nx pdpe1gb rdtscp lm constant_tsc arch_perfmon pebs bts rep_good nopl xtopology nonstop_tsc aperfmperf eagerfpu pni pclmulqdq dtes64 monitor ds_cpl vmx est tm2 ssse3 sdbg fma cx16 xtpr pdcm pcid dca sse4_1 sse4_2 x2apic movbe popcnt tsc_deadline_timer aes xsave avx f16c rdrand lahf_lm abm epb tpr_shadow vnmi flexpriority ept vpid fsgsbase tsc_adjust bmi1 avx2 smep bmi2 erms invpcid cqm xsaveopt cqm_llc cqm_occup_llc dtherm ida arat pln pts
bugs		:
bogomips	: 6999.50
clflush size	: 64
cache_alignment	: 64
address sizes	: 46 bits physical, 48 bits virtual
power management:

processor	: 6
vendor_id	: GenuineIntel
cpu family	: 6
model		: 63
model name	: Intel(R) Core(TM) i7-5930K CPU @ 3.50GHz
stepping	: 2
microcode	: 0x29
cpu MHz		: 3599.941
cache size	: 15360 KB
physical id	: 0
siblings	: 12
core id		: 0
cpu cores	: 6
apicid		: 1
initial apicid	: 1
fpu		: yes
fpu_exception	: yes
cpuid level	: 15
wp		: yes
flags		: fpu vme de pse tsc msr pae mce cx8 apic sep mtrr pge mca cmov pat pse36 clflush dts acpi mmx fxsr sse sse2 ss ht tm pbe syscall nx pdpe1gb rdtscp lm constant_tsc arch_perfmon pebs bts rep_good nopl xtopology nonstop_tsc aperfmperf eagerfpu pni pclmulqdq dtes64 monitor ds_cpl vmx est tm2 ssse3 sdbg fma cx16 xtpr pdcm pcid dca sse4_1 sse4_2 x2apic movbe popcnt tsc_deadline_timer aes xsave avx f16c rdrand lahf_lm abm epb tpr_shadow vnmi flexpriority ept vpid fsgsbase tsc_adjust bmi1 avx2 smep bmi2 erms invpcid cqm xsaveopt cqm_llc cqm_occup_llc dtherm ida arat pln pts
bugs		:
bogomips	: 6999.50
clflush size	: 64
cache_alignment	: 64
address sizes	: 46 bits physical, 48 bits virtual
power management:

processor	: 7
vendor_id	: GenuineIntel
cpu family	: 6
model		: 63
model name	: Intel(R) Core(TM) i7-5930K CPU @ 3.50GHz
stepping	: 2
microcode	: 0x29
cpu MHz		: 3599.941
cache size	: 15360 KB
physical id	: 0
siblings	: 12
core id		: 1
cpu cores	: 6
apicid		: 3
initial apicid	: 3
fpu		: yes
fpu_exception	: yes
cpuid level	: 15
wp		: yes
flags		: fpu vme de pse tsc msr pae mce cx8 apic sep mtrr pge mca cmov pat pse36 clflush dts acpi mmx fxsr sse sse2 ss ht tm pbe syscall nx pdpe1gb rdtscp lm constant_tsc arch_perfmon pebs bts rep_good nopl xtopology nonstop_tsc aperfmperf eagerfpu pni pclmulqdq dtes64 monitor ds_cpl vmx est tm2 ssse3 sdbg fma cx16 xtpr pdcm pcid dca sse4_1 sse4_2 x2apic movbe popcnt tsc_deadline_timer aes xsave avx f16c rdrand lahf_lm abm epb tpr_shadow vnmi flexpriority ept vpid fsgsbase tsc_adjust bmi1 avx2 smep bmi2 erms invpcid cqm xsaveopt cqm_llc cqm_occup_llc dtherm ida arat pln pts
bugs		:
bogomips	: 6999.50
clflush size	: 64
cache_alignment	: 64
address sizes	: 46 bits physical, 48 bits virtual
power management:

processor	: 8
vendor_id	: GenuineIntel
cpu family	: 6
model		: 63
model name	: Intel(R) Core(TM) i7-5930K CPU @ 3.50GHz
stepping	: 2
microcode	: 0x29
cpu MHz		: 3599.941
cache size	: 15360 KB
physical id	: 0
siblings	: 12
core id		: 2
cpu cores	: 6
apicid		: 5
initial apicid	: 5
fpu		: yes
fpu_exception	: yes
cpuid level	: 15
wp		: yes
flags		: fpu vme de pse tsc msr pae mce cx8 apic sep mtrr pge mca cmov pat pse36 clflush dts acpi mmx fxsr sse sse2 ss ht tm pbe syscall nx pdpe1gb rdtscp lm constant_tsc arch_perfmon pebs bts rep_good nopl xtopology nonstop_tsc aperfmperf eagerfpu pni pclmulqdq dtes64 monitor ds_cpl vmx est tm2 ssse3 sdbg fma cx16 xtpr pdcm pcid dca sse4_1 sse4_2 x2apic movbe popcnt tsc_deadline_timer aes xsave avx f16c rdrand lahf_lm abm epb tpr_shadow vnmi flexpriority ept vpid fsgsbase tsc_adjust bmi1 avx2 smep bmi2 erms invpcid cqm xsaveopt cqm_llc cqm_occup_llc dtherm ida arat pln pts
bugs		:
bogomips	: 6999.50
clflush size	: 64
cache_alignment	: 64
address sizes	: 46 bits physical, 48 bits virtual
power management:

processor	: 9
vendor_id	: GenuineIntel
cpu family	: 6
model		: 63
model name	: Intel(R) Core(TM) i7-5930K CPU @ 3.50GHz
stepping	: 2
microcode	: 0x29
cpu MHz		: 3599.941
cache size	: 15360 KB
physical id	: 0
siblings	: 12
core id		: 3
cpu cores	: 6
apicid		: 7
initial apicid	: 7
fpu		: yes
fpu_exception	: yes
cpuid level	: 15
wp		: yes
flags		: fpu vme de pse tsc msr pae mce cx8 apic sep mtrr pge mca cmov pat pse36 clflush dts acpi mmx fxsr sse sse2 ss ht tm pbe syscall nx pdpe1gb rdtscp lm constant_tsc arch_perfmon pebs bts rep_good nopl xtopology nonstop_tsc aperfmperf eagerfpu pni pclmulqdq dtes64 monitor ds_cpl vmx est tm2 ssse3 sdbg fma cx16 xtpr pdcm pcid dca sse4_1 sse4_2 x2apic movbe popcnt tsc_deadline_timer aes xsave avx f16c rdrand lahf_lm abm epb tpr_shadow vnmi flexpriority ept vpid fsgsbase tsc_adjust bmi1 avx2 smep bmi2 erms invpcid cqm xsaveopt cqm_llc cqm_occup_llc dtherm ida arat pln pts
bugs		:
bogomips	: 6999.50
clflush size	: 64
cache_alignment	: 64
address sizes	: 46 bits physical, 48 bits virtual
power management:

processor	: 10
vendor_id	: GenuineIntel
cpu family	: 6
model		: 63
model name	: Intel(R) Core(TM) i7-5930K CPU @ 3.50GHz
stepping	: 2
microcode	: 0x29
cpu MHz		: 3599.941
cache size	: 15360 KB
physical id	: 0
siblings	: 12
core id		: 4
cpu cores	: 6
apicid		: 9
initial apicid	: 9
fpu		: yes
fpu_exception	: yes
cpuid level	: 15
wp		: yes
flags		: fpu vme de pse tsc msr pae mce cx8 apic sep mtrr pge mca cmov pat pse36 clflush dts acpi mmx fxsr sse sse2 ss ht tm pbe syscall nx pdpe1gb rdtscp lm constant_tsc arch_perfmon pebs bts rep_good nopl xtopology nonstop_tsc aperfmperf eagerfpu pni pclmulqdq dtes64 monitor ds_cpl vmx est tm2 ssse3 sdbg fma cx16 xtpr pdcm pcid dca sse4_1 sse4_2 x2apic movbe popcnt tsc_deadline_timer aes xsave avx f16c rdrand lahf_lm abm epb tpr_shadow vnmi flexpriority ept vpid fsgsbase tsc_adjust bmi1 avx2 smep bmi2 erms invpcid cqm xsaveopt cqm_llc cqm_occup_llc dtherm ida arat pln pts
bugs		:
bogomips	: 6999.50
clflush size	: 64
cache_alignment	: 64
address sizes	: 46 bits physical, 48 bits virtual
power management:

processor	: 11
vendor_id	: GenuineIntel
cpu family	: 6
model		: 63
model name	: Intel(R) Core(TM) i7-5930K CPU @ 3.50GHz
stepping	: 2
microcode	: 0x29
cpu MHz		: 3599.941
cache size	: 15360 KB
physical id	: 0
siblings	: 12
core id		: 5
cpu cores	: 6
apicid		: 11
initial apicid	: 11
fpu		: yes
fpu_exception	: yes
cpuid level	: 15
wp		: yes
flags		: fpu vme de pse tsc msr pae mce cx8 apic sep mtrr pge mca cmov pat pse36 clflush dts acpi mmx fxsr sse sse2 ss ht tm pbe syscall nx pdpe1gb rdtscp lm constant_tsc arch_perfmon pebs bts rep_good nopl xtopology nonstop_tsc aperfmperf eagerfpu pni pclmulqdq dtes64 monitor ds_cpl vmx est tm2 ssse3 sdbg fma cx16 xtpr pdcm pcid dca sse4_1 sse4_2 x2apic movbe popcnt tsc_deadline_timer aes xsave avx f16c rdrand lahf_lm abm epb tpr_shadow vnmi flexpriority ept vpid fsgsbase tsc_adjust bmi1 avx2 smep bmi2 erms invpcid cqm xsaveopt cqm_llc cqm_occup_llc dtherm ida arat pln pts
bugs		:
bogomips	: 6999.50
clflush size	: 64
cache_alignment	: 64
address sizes	: 46 bits physical, 48 bits virtual
power management:



Memory: 4k page, physical 41028468k(206004k free), swap 0k(0k free)

vm_info: OpenJDK 64-Bit Server VM (25.91-b14) for linux-amd64 JRE (1.8.0_91-8u91-b14-0ubuntu4~16.04.1-b14), built on Apr 23 2016 07:03:54 by "buildd" with gcc 5.3.1 20160413

time: Tue May 24 00:46:37 2016
elapsed time: 443 seconds (0d 0h 7m 23s)

